<?xml version='1.0' encoding='UTF-8'?>
<result plugin="junit@1.2-beta-4">
  <suites>
    <suite>
      <file>/Users/Shared/Jenkins/Home/jobs/dwsjoquist testing/workspace/test-reports/TEST-ASDAAddressBookModelTest.xml</file>
      <name>ASDAAddressBookModelTest</name>
      <duration>0.006</duration>
      <timestamp>2016-02-04 09:12:08 -0800</timestamp>
      <cases>
        <case>
          <duration>0.005</duration>
          <className>ASDAAddressBookModelTest</className>
          <testName>testAddressBookModel</testName>
          <skipped>false</skipped>
          <failedSince>0</failedSince>
        </case>
        <case>
          <duration>0.001</duration>
          <className>ASDAAddressBookModelTest</className>
          <testName>testQueryModel</testName>
          <skipped>false</skipped>
          <failedSince>0</failedSince>
        </case>
      </cases>
    </suite>
    <suite>
      <file>/Users/Shared/Jenkins/Home/jobs/dwsjoquist testing/workspace/test-reports/TEST-ASDACGPointExtensionTests.xml</file>
      <name>ASDACGPointExtensionTests</name>
      <duration>0.001</duration>
      <timestamp>2016-02-04 09:12:18 -0800</timestamp>
      <cases>
        <case>
          <duration>0.001</duration>
          <className>ASDACGPointExtensionTests</className>
          <testName>testDecrease</testName>
          <skipped>false</skipped>
          <failedSince>0</failedSince>
        </case>
        <case>
          <duration>0.0</duration>
          <className>ASDACGPointExtensionTests</className>
          <testName>testIncrease</testName>
          <skipped>false</skipped>
          <failedSince>0</failedSince>
        </case>
        <case>
          <duration>0.0</duration>
          <className>ASDACGPointExtensionTests</className>
          <testName>testMaxToMin</testName>
          <skipped>false</skipped>
          <failedSince>0</failedSince>
        </case>
        <case>
          <duration>0.0</duration>
          <className>ASDACGPointExtensionTests</className>
          <testName>testMinToMax</testName>
          <skipped>false</skipped>
          <failedSince>0</failedSince>
        </case>
        <case>
          <duration>0.0</duration>
          <className>ASDACGPointExtensionTests</className>
          <testName>testSame</testName>
          <skipped>false</skipped>
          <failedSince>0</failedSince>
        </case>
      </cases>
    </suite>
    <suite>
      <file>/Users/Shared/Jenkins/Home/jobs/dwsjoquist testing/workspace/test-reports/TEST-ASDAClockTest.xml</file>
      <name>ASDAClockTest</name>
      <duration>1.0079999</duration>
      <timestamp>2016-02-04 09:12:09 -0800</timestamp>
      <cases>
        <case>
          <duration>0.506</duration>
          <className>ASDAClockTest</className>
          <testName>testCurrentDateAfterSettingTestDate</testName>
          <skipped>false</skipped>
          <failedSince>0</failedSince>
        </case>
        <case>
          <duration>0.502</duration>
          <className>ASDAClockTest</className>
          <testName>testCurrentDateWithoutSettingTestDate</testName>
          <skipped>false</skipped>
          <failedSince>0</failedSince>
        </case>
        <case>
          <duration>0.0</duration>
          <className>ASDAClockTest</className>
          <testName>testInitialTestDate</testName>
          <skipped>false</skipped>
          <failedSince>0</failedSince>
        </case>
        <case>
          <duration>0.0</duration>
          <className>ASDAClockTest</className>
          <testName>testSettingTestDate</testName>
          <skipped>false</skipped>
          <failedSince>0</failedSince>
        </case>
        <case>
          <duration>0.0</duration>
          <className>ASDAClockTest</className>
          <testName>testTestDateAfterIncrementing</testName>
          <skipped>false</skipped>
          <failedSince>0</failedSince>
        </case>
      </cases>
    </suite>
    <suite>
      <file>/Users/Shared/Jenkins/Home/jobs/dwsjoquist testing/workspace/test-reports/TEST-ASDACreditCardModelTests.xml</file>
      <name>ASDACreditCardModelTests</name>
      <duration>0.002</duration>
      <timestamp>2016-02-04 09:12:09 -0800</timestamp>
      <cases>
        <case>
          <duration>0.001</duration>
          <className>ASDACreditCardModelTests</className>
          <testName>testThatCreditCardIsValid</testName>
          <skipped>false</skipped>
          <failedSince>0</failedSince>
        </case>
        <case>
          <duration>0.001</duration>
          <className>ASDACreditCardModelTests</className>
          <testName>testThatCreditCardModelWasInitedWithDictionary</testName>
          <skipped>false</skipped>
          <failedSince>0</failedSince>
        </case>
      </cases>
    </suite>
    <suite>
      <file>/Users/Shared/Jenkins/Home/jobs/dwsjoquist testing/workspace/test-reports/TEST-ASDADynamicConfigurationTests.xml</file>
      <name>ASDADynamicConfigurationTests</name>
      <duration>0.0050000004</duration>
      <timestamp>2016-02-04 09:12:09 -0800</timestamp>
      <cases>
        <case>
          <duration>0.001</duration>
          <className>ASDADynamicConfigurationTests</className>
          <testName>testDefaultValueApplyURL</testName>
          <skipped>false</skipped>
          <failedSince>0</failedSince>
        </case>
        <case>
          <duration>0.0</duration>
          <className>ASDADynamicConfigurationTests</className>
          <testName>testDefaultValueAPR</testName>
          <skipped>false</skipped>
          <failedSince>0</failedSince>
        </case>
        <case>
          <duration>0.0</duration>
          <className>ASDADynamicConfigurationTests</className>
          <testName>testDefaultValueCashbackBalanceURL</testName>
          <skipped>false</skipped>
          <failedSince>0</failedSince>
        </case>
        <case>
          <duration>0.0</duration>
          <className>ASDADynamicConfigurationTests</className>
          <testName>testDefaultValueIconographyEnabled</testName>
          <skipped>false</skipped>
          <failedSince>0</failedSince>
        </case>
        <case>
          <duration>0.0</duration>
          <className>ASDADynamicConfigurationTests</className>
          <testName>testDefaultValueNotificationCentreEnabled</testName>
          <skipped>false</skipped>
          <failedSince>0</failedSince>
        </case>
        <case>
          <duration>0.001</duration>
          <className>ASDADynamicConfigurationTests</className>
          <testName>testInitialValue</testName>
          <skipped>false</skipped>
          <failedSince>0</failedSince>
        </case>
        <case>
          <duration>0.001</duration>
          <className>ASDADynamicConfigurationTests</className>
          <testName>testLoadedValue</testName>
          <skipped>false</skipped>
          <failedSince>0</failedSince>
        </case>
        <case>
          <duration>0.001</duration>
          <className>ASDADynamicConfigurationTests</className>
          <testName>testReloadAsynchronously</testName>
          <skipped>false</skipped>
          <failedSince>0</failedSince>
        </case>
        <case>
          <duration>0.001</duration>
          <className>ASDADynamicConfigurationTests</className>
          <testName>testSharedInstanceAutoLoading</testName>
          <skipped>false</skipped>
          <failedSince>0</failedSince>
        </case>
      </cases>
    </suite>
    <suite>
      <file>/Users/Shared/Jenkins/Home/jobs/dwsjoquist testing/workspace/test-reports/TEST-ASDAFavouritesModelTests.xml</file>
      <name>ASDAFavouritesModelTests</name>
      <duration>0.33200002</duration>
      <timestamp>2016-02-04 09:12:09 -0800</timestamp>
      <cases>
        <case>
          <duration>0.11</duration>
          <className>ASDAFavouritesModelTests</className>
          <testName>testThatFavouritesItemsCorrectCount</testName>
          <skipped>false</skipped>
          <failedSince>0</failedSince>
        </case>
        <case>
          <duration>0.111</duration>
          <className>ASDAFavouritesModelTests</className>
          <testName>testThatPagingControllerCanBeInitedAndUpdatedFromPage</testName>
          <skipped>false</skipped>
          <failedSince>0</failedSince>
        </case>
        <case>
          <duration>0.111</duration>
          <className>ASDAFavouritesModelTests</className>
          <testName>testThatProductsPagesCanBeInitedByDictionary</testName>
          <skipped>false</skipped>
          <failedSince>0</failedSince>
        </case>
      </cases>
    </suite>
    <suite>
      <file>/Users/Shared/Jenkins/Home/jobs/dwsjoquist testing/workspace/test-reports/TEST-ASDAGeofenceManagerTest.xml</file>
      <name>ASDAGeofenceManagerTest</name>
      <duration>0.019000001</duration>
      <timestamp>2016-02-04 09:12:09 -0800</timestamp>
      <cases>
        <case>
          <duration>0.01</duration>
          <className>ASDAGeofenceManagerTest</className>
          <testName>testAllStoresAvailableForGeofence</testName>
          <skipped>false</skipped>
          <failedSince>0</failedSince>
        </case>
        <case>
          <duration>0.001</duration>
          <className>ASDAGeofenceManagerTest</className>
          <testName>testCustomRadiusForStore</testName>
          <skipped>false</skipped>
          <failedSince>0</failedSince>
        </case>
        <case>
          <duration>0.001</duration>
          <className>ASDAGeofenceManagerTest</className>
          <testName>testOrderIsAfterPickupWindow</testName>
          <skipped>false</skipped>
          <failedSince>0</failedSince>
        </case>
        <case>
          <duration>0.001</duration>
          <className>ASDAGeofenceManagerTest</className>
          <testName>testOrderIsBeforePickupWindow</testName>
          <skipped>false</skipped>
          <failedSince>0</failedSince>
        </case>
        <case>
          <duration>0.001</duration>
          <className>ASDAGeofenceManagerTest</className>
          <testName>testOrderIsDuringPickupWindow</testName>
          <skipped>false</skipped>
          <failedSince>0</failedSince>
        </case>
        <case>
          <duration>0.001</duration>
          <className>ASDAGeofenceManagerTest</className>
          <testName>testOrderWindowHasNotPassed</testName>
          <skipped>false</skipped>
          <failedSince>0</failedSince>
        </case>
        <case>
          <duration>0.001</duration>
          <className>ASDAGeofenceManagerTest</className>
          <testName>testOrderWindowHasPassed</testName>
          <skipped>false</skipped>
          <failedSince>0</failedSince>
        </case>
        <case>
          <duration>0.001</duration>
          <className>ASDAGeofenceManagerTest</className>
          <testName>testRadiusForStoreReturnsDefault</testName>
          <skipped>false</skipped>
          <failedSince>0</failedSince>
        </case>
        <case>
          <duration>0.001</duration>
          <className>ASDAGeofenceManagerTest</className>
          <testName>testStoreIsAvailableForGeofence</testName>
          <skipped>false</skipped>
          <failedSince>0</failedSince>
        </case>
        <case>
          <duration>0.001</duration>
          <className>ASDAGeofenceManagerTest</className>
          <testName>testStoreIsNotAvailableForGeofence</testName>
          <skipped>false</skipped>
          <failedSince>0</failedSince>
        </case>
      </cases>
    </suite>
    <suite>
      <file>/Users/Shared/Jenkins/Home/jobs/dwsjoquist testing/workspace/test-reports/TEST-ASDAHybridWebContentHelperTests.xml</file>
      <name>ASDAHybridWebContentHelperTests</name>
      <duration>3.821</duration>
      <timestamp>2016-02-04 09:12:22 -0800</timestamp>
      <cases>
        <case>
          <duration>0.007</duration>
          <className>ASDAHybridWebContentHelperTests</className>
          <testName>testDocumentReadyWithComplete</testName>
          <skipped>false</skipped>
          <failedSince>0</failedSince>
        </case>
        <case>
          <duration>0.004</duration>
          <className>ASDAHybridWebContentHelperTests</className>
          <testName>testDocumentReadyWithUninitialized</testName>
          <skipped>false</skipped>
          <failedSince>0</failedSince>
        </case>
        <case>
          <duration>0.529</duration>
          <className>ASDAHybridWebContentHelperTests</className>
          <testName>testFormatContentForMobileWithJavascriptThatCallsPostfFM</testName>
          <skipped>false</skipped>
          <failedSince>0</failedSince>
        </case>
        <case>
          <duration>2.176</duration>
          <className>ASDAHybridWebContentHelperTests</className>
          <testName>testFormatContentForMobileWithJavascriptThatDoesNotCallPostfFM</testName>
          <skipped>false</skipped>
          <failedSince>0</failedSince>
        </case>
        <case>
          <duration>0.004</duration>
          <className>ASDAHybridWebContentHelperTests</className>
          <testName>testFormatContentForMobileWithJSException</testName>
          <skipped>false</skipped>
          <failedSince>0</failedSince>
        </case>
        <case>
          <duration>1.101</duration>
          <className>ASDAHybridWebContentHelperTests</className>
          <testName>testFormatContentForMobileWithNoJSContext</testName>
          <skipped>false</skipped>
          <failedSince>0</failedSince>
        </case>
      </cases>
    </suite>
    <suite>
      <file>/Users/Shared/Jenkins/Home/jobs/dwsjoquist testing/workspace/test-reports/TEST-ASDAIntExtensionTests.xml</file>
      <name>ASDAIntExtensionTests</name>
      <duration>0.002</duration>
      <timestamp>2016-02-04 09:12:22 -0800</timestamp>
      <cases>
        <case>
          <duration>0.0</duration>
          <className>ASDAIntExtensionTests</className>
          <testName>testHexMultipleCharacters</testName>
          <skipped>false</skipped>
          <failedSince>0</failedSince>
        </case>
        <case>
          <duration>0.002</duration>
          <className>ASDAIntExtensionTests</className>
          <testName>testSampleInvalidHexCharaters</testName>
          <skipped>false</skipped>
          <failedSince>0</failedSince>
        </case>
        <case>
          <duration>0.0</duration>
          <className>ASDAIntExtensionTests</className>
          <testName>testValidLCHexCharaters</testName>
          <skipped>false</skipped>
          <failedSince>0</failedSince>
        </case>
        <case>
          <duration>0.0</duration>
          <className>ASDAIntExtensionTests</className>
          <testName>testValidUCHexCharaters</testName>
          <skipped>false</skipped>
          <failedSince>0</failedSince>
        </case>
      </cases>
    </suite>
    <suite>
      <file>/Users/Shared/Jenkins/Home/jobs/dwsjoquist testing/workspace/test-reports/TEST-ASDAMerchandisingModelTests.xml</file>
      <name>ASDAMerchandisingModelTests</name>
      <duration>0.006</duration>
      <timestamp>2016-02-04 09:12:09 -0800</timestamp>
      <cases>
        <case>
          <duration>0.006</duration>
          <className>ASDAMerchandisingModelTests</className>
          <testName>testThatBannersListCanBeInitedWithDictionary</testName>
          <skipped>false</skipped>
          <failedSince>0</failedSince>
        </case>
      </cases>
    </suite>
    <suite>
      <file>/Users/Shared/Jenkins/Home/jobs/dwsjoquist testing/workspace/test-reports/TEST-ASDAModelNotNilAndProperTypeServiceTest.xml</file>
      <name>ASDAModelNotNilAndProperTypeServiceTest</name>
      <duration>0.0</duration>
      <timestamp>2016-02-04 09:12:09 -0800</timestamp>
      <cases>
        <case>
          <duration>0.0</duration>
          <className>ASDAModelNotNilAndProperTypeServiceTest</className>
          <testName>testDataObjectIsNotNilAndProperType</testName>
          <skipped>false</skipped>
          <failedSince>0</failedSince>
        </case>
      </cases>
    </suite>
    <suite>
      <file>/Users/Shared/Jenkins/Home/jobs/dwsjoquist testing/workspace/test-reports/TEST-ASDANSDateExtensionTests.xml</file>
      <name>ASDANSDateExtensionTests</name>
      <duration>0.002</duration>
      <timestamp>2016-02-04 09:12:22 -0800</timestamp>
      <cases>
        <case>
          <duration>0.002</duration>
          <className>ASDANSDateExtensionTests</className>
          <testName>testAddOneDayCrossingMonthDifferentCalendar</testName>
          <skipped>false</skipped>
          <failedSince>0</failedSince>
        </case>
        <case>
          <duration>0.0</duration>
          <className>ASDANSDateExtensionTests</className>
          <testName>testAddOneDayCrossingMonthSameCalendar</testName>
          <skipped>false</skipped>
          <failedSince>0</failedSince>
        </case>
        <case>
          <duration>0.0</duration>
          <className>ASDANSDateExtensionTests</className>
          <testName>testAddOneDayCrossingYearDifferentCalendar</testName>
          <skipped>false</skipped>
          <failedSince>0</failedSince>
        </case>
        <case>
          <duration>0.0</duration>
          <className>ASDANSDateExtensionTests</className>
          <testName>testAddOneDayCrossingYearSameCalendar</testName>
          <skipped>false</skipped>
          <failedSince>0</failedSince>
        </case>
        <case>
          <duration>0.0</duration>
          <className>ASDANSDateExtensionTests</className>
          <testName>testAddOneDayDifferentCalendar</testName>
          <skipped>false</skipped>
          <failedSince>0</failedSince>
        </case>
        <case>
          <duration>0.0</duration>
          <className>ASDANSDateExtensionTests</className>
          <testName>testAddOneDaySameCalendar</testName>
          <skipped>false</skipped>
          <failedSince>0</failedSince>
        </case>
        <case>
          <duration>0.0</duration>
          <className>ASDANSDateExtensionTests</className>
          <testName>testAddOneYearCrossingLeapYearDifferentCalendar</testName>
          <skipped>false</skipped>
          <failedSince>0</failedSince>
        </case>
        <case>
          <duration>0.0</duration>
          <className>ASDANSDateExtensionTests</className>
          <testName>testAddOneYearCrossingLeapYearSameCalendar</testName>
          <skipped>false</skipped>
          <failedSince>0</failedSince>
        </case>
        <case>
          <duration>0.0</duration>
          <className>ASDANSDateExtensionTests</className>
          <testName>testAddOneYearNotCrossingLeapYearDifferentCalendar</testName>
          <skipped>false</skipped>
          <failedSince>0</failedSince>
        </case>
        <case>
          <duration>0.0</duration>
          <className>ASDANSDateExtensionTests</className>
          <testName>testAddOneYearNotCrossingLeapYearSameCalendar</testName>
          <skipped>false</skipped>
          <failedSince>0</failedSince>
        </case>
        <case>
          <duration>0.0</duration>
          <className>ASDANSDateExtensionTests</className>
          <testName>testAddZeroDaysDifferentCalendar</testName>
          <skipped>false</skipped>
          <failedSince>0</failedSince>
        </case>
        <case>
          <duration>0.0</duration>
          <className>ASDANSDateExtensionTests</className>
          <testName>testAddZeroDaysSameCalendar</testName>
          <skipped>false</skipped>
          <failedSince>0</failedSince>
        </case>
        <case>
          <duration>0.0</duration>
          <className>ASDANSDateExtensionTests</className>
          <testName>testSubtractOneDayDifferentCalendar</testName>
          <skipped>false</skipped>
          <failedSince>0</failedSince>
        </case>
        <case>
          <duration>0.0</duration>
          <className>ASDANSDateExtensionTests</className>
          <testName>testSubtractOneDaySameCalendar</testName>
          <skipped>false</skipped>
          <failedSince>0</failedSince>
        </case>
        <case>
          <duration>0.0</duration>
          <className>ASDANSDateExtensionTests</className>
          <testName>testSubtractOneYearCrossingLeapYearDifferentCalendar</testName>
          <skipped>false</skipped>
          <failedSince>0</failedSince>
        </case>
        <case>
          <duration>0.0</duration>
          <className>ASDANSDateExtensionTests</className>
          <testName>testSubtractOneYearCrossingLeapYearSameCalendar</testName>
          <skipped>false</skipped>
          <failedSince>0</failedSince>
        </case>
        <case>
          <duration>0.0</duration>
          <className>ASDANSDateExtensionTests</className>
          <testName>testSubtractOneYearNotCrossingLeapYearDifferentCalendar</testName>
          <skipped>false</skipped>
          <failedSince>0</failedSince>
        </case>
        <case>
          <duration>0.0</duration>
          <className>ASDANSDateExtensionTests</className>
          <testName>testSubtractOneYearNotCrossingLeapYearSameCalendar</testName>
          <skipped>false</skipped>
          <failedSince>0</failedSince>
        </case>
      </cases>
    </suite>
    <suite>
      <file>/Users/Shared/Jenkins/Home/jobs/dwsjoquist testing/workspace/test-reports/TEST-ASDANSDateFormatterCategoryTests.xml</file>
      <name>ASDANSDateFormatterCategoryTests</name>
      <duration>0.011000001</duration>
      <timestamp>2016-02-04 09:12:09 -0800</timestamp>
      <cases>
        <case>
          <duration>0.002</duration>
          <className>ASDANSDateFormatterCategoryTests</className>
          <testName>test24hourFormats</testName>
          <skipped>false</skipped>
          <failedSince>0</failedSince>
        </case>
        <case>
          <duration>0.0</duration>
          <className>ASDANSDateFormatterCategoryTests</className>
          <testName>testCacheClearing</testName>
          <skipped>false</skipped>
          <failedSince>0</failedSince>
        </case>
        <case>
          <duration>0.0</duration>
          <className>ASDANSDateFormatterCategoryTests</className>
          <testName>testCalendarIsStatic</testName>
          <skipped>false</skipped>
          <failedSince>0</failedSince>
        </case>
        <case>
          <duration>0.0</duration>
          <className>ASDANSDateFormatterCategoryTests</className>
          <testName>testCalendarLocale</testName>
          <skipped>false</skipped>
          <failedSince>0</failedSince>
        </case>
        <case>
          <duration>0.0</duration>
          <className>ASDANSDateFormatterCategoryTests</className>
          <testName>testCalendarTimeZone</testName>
          <skipped>false</skipped>
          <failedSince>0</failedSince>
        </case>
        <case>
          <duration>0.0</duration>
          <className>ASDANSDateFormatterCategoryTests</className>
          <testName>testFormatterCaching</testName>
          <skipped>false</skipped>
          <failedSince>0</failedSince>
        </case>
        <case>
          <duration>0.0</duration>
          <className>ASDANSDateFormatterCategoryTests</className>
          <testName>testFormatterLocale</testName>
          <skipped>false</skipped>
          <failedSince>0</failedSince>
        </case>
        <case>
          <duration>0.001</duration>
          <className>ASDANSDateFormatterCategoryTests</className>
          <testName>testFormatterRoundTrip</testName>
          <skipped>false</skipped>
          <failedSince>0</failedSince>
        </case>
        <case>
          <duration>0.001</duration>
          <className>ASDANSDateFormatterCategoryTests</className>
          <testName>testFormattersUseEuropeLondon</testName>
          <skipped>false</skipped>
          <failedSince>0</failedSince>
        </case>
        <case>
          <duration>0.0</duration>
          <className>ASDANSDateFormatterCategoryTests</className>
          <testName>testLocaleIsStatic</testName>
          <skipped>false</skipped>
          <failedSince>0</failedSince>
        </case>
        <case>
          <duration>0.002</duration>
          <className>ASDANSDateFormatterCategoryTests</className>
          <testName>testNoSpanSlotEndParsing</testName>
          <skipped>false</skipped>
          <failedSince>0</failedSince>
        </case>
        <case>
          <duration>0.001</duration>
          <className>ASDANSDateFormatterCategoryTests</className>
          <testName>testNoSpanSlotStartParsing</testName>
          <skipped>false</skipped>
          <failedSince>0</failedSince>
        </case>
        <case>
          <duration>0.0</duration>
          <className>ASDANSDateFormatterCategoryTests</className>
          <testName>testSlotDateFormat</testName>
          <skipped>false</skipped>
          <failedSince>0</failedSince>
        </case>
        <case>
          <duration>0.0</duration>
          <className>ASDANSDateFormatterCategoryTests</className>
          <testName>testTimezoneIsStatic</testName>
          <skipped>false</skipped>
          <failedSince>0</failedSince>
        </case>
        <case>
          <duration>0.0</duration>
          <className>ASDANSDateFormatterCategoryTests</className>
          <testName>testTrolleyDateFormat</testName>
          <skipped>false</skipped>
          <failedSince>0</failedSince>
        </case>
        <case>
          <duration>0.001</duration>
          <className>ASDANSDateFormatterCategoryTests</className>
          <testName>testWithAfterSpanSlotEndParsing</testName>
          <skipped>false</skipped>
          <failedSince>0</failedSince>
        </case>
        <case>
          <duration>0.001</duration>
          <className>ASDANSDateFormatterCategoryTests</className>
          <testName>testWithAfterSpanSlotStartParsing</testName>
          <skipped>false</skipped>
          <failedSince>0</failedSince>
        </case>
        <case>
          <duration>0.001</duration>
          <className>ASDANSDateFormatterCategoryTests</className>
          <testName>testWithBeforeSpanSlotEndParsing</testName>
          <skipped>false</skipped>
          <failedSince>0</failedSince>
        </case>
        <case>
          <duration>0.001</duration>
          <className>ASDANSDateFormatterCategoryTests</className>
          <testName>testWithBeforeSpanSlotStartParsing</testName>
          <skipped>false</skipped>
          <failedSince>0</failedSince>
        </case>
      </cases>
    </suite>
    <suite>
      <file>/Users/Shared/Jenkins/Home/jobs/dwsjoquist testing/workspace/test-reports/TEST-ASDANSOperationQueueCategoryTests.xml</file>
      <name>ASDANSOperationQueueCategoryTests</name>
      <duration>7.422</duration>
      <timestamp>2016-02-04 09:12:16 -0800</timestamp>
      <cases>
        <case>
          <duration>1.059</duration>
          <className>ASDANSOperationQueueCategoryTests</className>
          <testName>testCancelableCancelFirst</testName>
          <skipped>false</skipped>
          <failedSince>0</failedSince>
        </case>
        <case>
          <duration>3.21</duration>
          <className>ASDANSOperationQueueCategoryTests</className>
          <testName>testCancelableCancelFirstThenAddNew</testName>
          <skipped>false</skipped>
          <failedSince>0</failedSince>
        </case>
        <case>
          <duration>0.0</duration>
          <className>ASDANSOperationQueueCategoryTests</className>
          <testName>testCancelableDispatchOnMain</testName>
          <skipped>false</skipped>
          <failedSince>0</failedSince>
        </case>
        <case>
          <duration>3.153</duration>
          <className>ASDANSOperationQueueCategoryTests</className>
          <testName>testCancelableNoCancels</testName>
          <skipped>false</skipped>
          <failedSince>0</failedSince>
        </case>
      </cases>
    </suite>
    <suite>
      <file>/Users/Shared/Jenkins/Home/jobs/dwsjoquist testing/workspace/test-reports/TEST-ASDANSURLExtensionTests.xml</file>
      <name>ASDANSURLExtensionTests</name>
      <duration>0.126</duration>
      <timestamp>2016-02-04 09:12:22 -0800</timestamp>
      <cases>
        <case>
          <duration>0.001</duration>
          <className>ASDANSURLExtensionTests</className>
          <testName>testAssetURLWhereAssetDoesNotExist</testName>
          <skipped>false</skipped>
          <failedSince>0</failedSince>
        </case>
        <case>
          <duration>0.002</duration>
          <className>ASDANSURLExtensionTests</className>
          <testName>testAssetURLWhereAssetExists</testName>
          <skipped>false</skipped>
          <failedSince>0</failedSince>
        </case>
        <case>
          <duration>0.0</duration>
          <className>ASDANSURLExtensionTests</className>
          <testName>testDefaultBundleURL</testName>
          <skipped>false</skipped>
          <failedSince>0</failedSince>
        </case>
        <case>
          <duration>0.123</duration>
          <className>ASDANSURLExtensionTests</className>
          <testName>testMainBundleURL</testName>
          <skipped>false</skipped>
          <failedSince>0</failedSince>
        </case>
        <case>
          <duration>0.0</duration>
          <className>ASDANSURLExtensionTests</className>
          <testName>testNonBundleURL</testName>
          <skipped>false</skipped>
          <failedSince>0</failedSince>
        </case>
        <case>
          <duration>0.0</duration>
          <className>ASDANSURLExtensionTests</className>
          <testName>testTestBundleURL</testName>
          <skipped>false</skipped>
          <failedSince>0</failedSince>
        </case>
      </cases>
    </suite>
    <suite>
      <file>/Users/Shared/Jenkins/Home/jobs/dwsjoquist testing/workspace/test-reports/TEST-ASDAOrderModelTests.xml</file>
      <name>ASDAOrderModelTests</name>
      <duration>0.081999995</duration>
      <timestamp>2016-02-04 09:12:17 -0800</timestamp>
      <cases>
        <case>
          <duration>0.024</duration>
          <className>ASDAOrderModelTests</className>
          <testName>testOderDetailsPage</testName>
          <skipped>false</skipped>
          <failedSince>0</failedSince>
        </case>
        <case>
          <duration>0.019</duration>
          <className>ASDAOrderModelTests</className>
          <testName>testOrderAmendResponse</testName>
          <skipped>false</skipped>
          <failedSince>0</failedSince>
        </case>
        <case>
          <duration>0.018</duration>
          <className>ASDAOrderModelTests</className>
          <testName>testOrderCancelResponse</testName>
          <skipped>false</skipped>
          <failedSince>0</failedSince>
        </case>
        <case>
          <duration>0.021</duration>
          <className>ASDAOrderModelTests</className>
          <testName>testOrderPage</testName>
          <skipped>false</skipped>
          <failedSince>0</failedSince>
        </case>
      </cases>
    </suite>
    <suite>
      <file>/Users/Shared/Jenkins/Home/jobs/dwsjoquist testing/workspace/test-reports/TEST-ASDAPagingControllerTests.xml</file>
      <name>ASDAPagingControllerTests</name>
      <duration>4.2079997</duration>
      <timestamp>2016-02-04 09:12:27 -0800</timestamp>
      <cases>
        <case>
          <duration>4.206</duration>
          <className>ASDAPagingControllerTests</className>
          <testName>testFirstTimeErrors</testName>
          <skipped>false</skipped>
          <failedSince>0</failedSince>
        </case>
        <case>
          <duration>0.001</duration>
          <className>ASDAPagingControllerTests</className>
          <testName>testLoadCountsChanged</testName>
          <skipped>false</skipped>
          <failedSince>0</failedSince>
        </case>
        <case>
          <duration>0.0</duration>
          <className>ASDAPagingControllerTests</className>
          <testName>testNoResults</testName>
          <skipped>false</skipped>
          <failedSince>0</failedSince>
        </case>
        <case>
          <duration>0.001</duration>
          <className>ASDAPagingControllerTests</className>
          <testName>testSimpleNoErrors</testName>
          <skipped>false</skipped>
          <failedSince>0</failedSince>
        </case>
      </cases>
    </suite>
    <suite>
      <file>/Users/Shared/Jenkins/Home/jobs/dwsjoquist testing/workspace/test-reports/TEST-ASDAPostcodeQueryModelTest.xml</file>
      <name>ASDAPostcodeQueryModelTest</name>
      <duration>0.001</duration>
      <timestamp>2016-02-04 09:12:17 -0800</timestamp>
      <cases>
        <case>
          <duration>0.001</duration>
          <className>ASDAPostcodeQueryModelTest</className>
          <testName>testPostcodeModel</testName>
          <skipped>false</skipped>
          <failedSince>0</failedSince>
        </case>
      </cases>
    </suite>
    <suite>
      <file>/Users/Shared/Jenkins/Home/jobs/dwsjoquist testing/workspace/test-reports/TEST-ASDAProductIconTests.xml</file>
      <name>ASDAProductIconTests</name>
      <duration>0.0</duration>
      <timestamp>2016-02-04 09:12:17 -0800</timestamp>
      <cases>
        <case>
          <duration>0.0</duration>
          <className>ASDAProductIconTests</className>
          <testName>testThatMultisaveProductHasCorrectPromoFields</testName>
          <skipped>false</skipped>
          <failedSince>0</failedSince>
        </case>
      </cases>
    </suite>
    <suite>
      <file>/Users/Shared/Jenkins/Home/jobs/dwsjoquist testing/workspace/test-reports/TEST-ASDAProductModelTests.xml</file>
      <name>ASDAProductModelTests</name>
      <duration>0.309</duration>
      <timestamp>2016-02-04 09:12:17 -0800</timestamp>
      <cases>
        <case>
          <duration>0.015</duration>
          <className>ASDAProductModelTests</className>
          <testName>testAvailableProductHasReviewCount</testName>
          <skipped>false</skipped>
          <failedSince>0</failedSince>
        </case>
        <case>
          <duration>0.014</duration>
          <className>ASDAProductModelTests</className>
          <testName>testAvailableProductHasStarRating</testName>
          <skipped>false</skipped>
          <failedSince>0</failedSince>
        </case>
        <case>
          <duration>0.014</duration>
          <className>ASDAProductModelTests</className>
          <testName>testThatAvailableProductExists</testName>
          <skipped>false</skipped>
          <failedSince>0</failedSince>
        </case>
        <case>
          <duration>0.014</duration>
          <className>ASDAProductModelTests</className>
          <testName>testThatAvailableProductHasCIN</testName>
          <skipped>false</skipped>
          <failedSince>0</failedSince>
        </case>
        <case>
          <duration>0.014</duration>
          <className>ASDAProductModelTests</className>
          <testName>testThatAvailableProductHasImageURL</testName>
          <skipped>false</skipped>
          <failedSince>0</failedSince>
        </case>
        <case>
          <duration>0.014</duration>
          <className>ASDAProductModelTests</className>
          <testName>testThatAvailableProductHasMaxQty</testName>
          <skipped>false</skipped>
          <failedSince>0</failedSince>
        </case>
        <case>
          <duration>0.014</duration>
          <className>ASDAProductModelTests</className>
          <testName>testThatAvailableProductHasPrice</testName>
          <skipped>false</skipped>
          <failedSince>0</failedSince>
        </case>
        <case>
          <duration>0.014</duration>
          <className>ASDAProductModelTests</className>
          <testName>testThatAvailableProductHasPricePerUnitOfMeasure</testName>
          <skipped>false</skipped>
          <failedSince>0</failedSince>
        </case>
        <case>
          <duration>0.014</duration>
          <className>ASDAProductModelTests</className>
          <testName>testThatAvailableProductHasWeight</testName>
          <skipped>false</skipped>
          <failedSince>0</failedSince>
        </case>
        <case>
          <duration>0.014</duration>
          <className>ASDAProductModelTests</className>
          <testName>testThatAvailableProductIsAvailable</testName>
          <skipped>false</skipped>
          <failedSince>0</failedSince>
        </case>
        <case>
          <duration>0.014</duration>
          <className>ASDAProductModelTests</className>
          <testName>testThatAvailableProductIsMethodCounted</testName>
          <skipped>false</skipped>
          <failedSince>0</failedSince>
        </case>
        <case>
          <duration>0.014</duration>
          <className>ASDAProductModelTests</className>
          <testName>testThatBothProductExists</testName>
          <skipped>false</skipped>
          <failedSince>0</failedSince>
        </case>
        <case>
          <duration>0.014</duration>
          <className>ASDAProductModelTests</className>
          <testName>testThatBothProductHasAverageWeight</testName>
          <skipped>false</skipped>
          <failedSince>0</failedSince>
        </case>
        <case>
          <duration>0.014</duration>
          <className>ASDAProductModelTests</className>
          <testName>testThatBothProductIsMethodBoth</testName>
          <skipped>false</skipped>
          <failedSince>0</failedSince>
        </case>
        <case>
          <duration>0.014</duration>
          <className>ASDAProductModelTests</className>
          <testName>testThatEachProductExists</testName>
          <skipped>false</skipped>
          <failedSince>0</failedSince>
        </case>
        <case>
          <duration>0.014</duration>
          <className>ASDAProductModelTests</className>
          <testName>testThatMultisaveProductHasCorrectPromoFields</testName>
          <skipped>false</skipped>
          <failedSince>0</failedSince>
        </case>
        <case>
          <duration>0.014</duration>
          <className>ASDAProductModelTests</className>
          <testName>testThatProductsHaveIDAndName</testName>
          <skipped>false</skipped>
          <failedSince>0</failedSince>
        </case>
        <case>
          <duration>0.014</duration>
          <className>ASDAProductModelTests</className>
          <testName>testThatRollbackProductHasCorrectPromoFields</testName>
          <skipped>false</skipped>
          <failedSince>0</failedSince>
        </case>
        <case>
          <duration>0.014</duration>
          <className>ASDAProductModelTests</className>
          <testName>testThatSpecialOfferProductHasWasPrice</testName>
          <skipped>false</skipped>
          <failedSince>0</failedSince>
        </case>
        <case>
          <duration>0.014</duration>
          <className>ASDAProductModelTests</className>
          <testName>testThatUnavailableProductExists</testName>
          <skipped>false</skipped>
          <failedSince>0</failedSince>
        </case>
        <case>
          <duration>0.014</duration>
          <className>ASDAProductModelTests</className>
          <testName>testThatUnvailableProductIsUnvailable</testName>
          <skipped>false</skipped>
          <failedSince>0</failedSince>
        </case>
        <case>
          <duration>0.014</duration>
          <className>ASDAProductModelTests</className>
          <testName>testUnavailableProductHasNoStarRating</testName>
          <skipped>false</skipped>
          <failedSince>0</failedSince>
        </case>
      </cases>
    </suite>
    <suite>
      <file>/Users/Shared/Jenkins/Home/jobs/dwsjoquist testing/workspace/test-reports/TEST-ASDAProductReviewFlagAsHelpful_negative.xml</file>
      <name>ASDAProductReviewFlagAsHelpful_negative</name>
      <duration>0.034</duration>
      <timestamp>2016-02-04 09:12:17 -0800</timestamp>
      <cases>
        <case>
          <duration>0.034</duration>
          <className>ASDAProductReviewFlagAsHelpful_negative</className>
          <testName>testBinaryResponse</testName>
          <skipped>false</skipped>
          <failedSince>0</failedSince>
        </case>
      </cases>
    </suite>
    <suite>
      <file>/Users/Shared/Jenkins/Home/jobs/dwsjoquist testing/workspace/test-reports/TEST-ASDAProductReviewFlagAsHelpful_positive.xml</file>
      <name>ASDAProductReviewFlagAsHelpful_positive</name>
      <duration>0.001</duration>
      <timestamp>2016-02-04 09:12:17 -0800</timestamp>
      <cases>
        <case>
          <duration>0.001</duration>
          <className>ASDAProductReviewFlagAsHelpful_positive</className>
          <testName>testBinaryResponse</testName>
          <skipped>false</skipped>
          <failedSince>0</failedSince>
        </case>
      </cases>
    </suite>
    <suite>
      <file>/Users/Shared/Jenkins/Home/jobs/dwsjoquist testing/workspace/test-reports/TEST-ASDAProductReviewFlagAsInappropriate_failure.xml</file>
      <name>ASDAProductReviewFlagAsInappropriate_failure</name>
      <duration>0.005</duration>
      <timestamp>2016-02-04 09:12:17 -0800</timestamp>
      <cases>
        <case>
          <duration>0.005</duration>
          <className>ASDAProductReviewFlagAsInappropriate_failure</className>
          <testName>testBinaryResponse</testName>
          <skipped>false</skipped>
          <failedSince>0</failedSince>
        </case>
      </cases>
    </suite>
    <suite>
      <file>/Users/Shared/Jenkins/Home/jobs/dwsjoquist testing/workspace/test-reports/TEST-ASDAProductReviewFlagAsInappropriate_success.xml</file>
      <name>ASDAProductReviewFlagAsInappropriate_success</name>
      <duration>0.001</duration>
      <timestamp>2016-02-04 09:12:17 -0800</timestamp>
      <cases>
        <case>
          <duration>0.001</duration>
          <className>ASDAProductReviewFlagAsInappropriate_success</className>
          <testName>testBinaryResponse</testName>
          <skipped>false</skipped>
          <failedSince>0</failedSince>
        </case>
      </cases>
    </suite>
    <suite>
      <file>/Users/Shared/Jenkins/Home/jobs/dwsjoquist testing/workspace/test-reports/TEST-ASDAProductReviewPageTests.xml</file>
      <name>ASDAProductReviewPageTests</name>
      <duration>0.103000015</duration>
      <timestamp>2016-02-04 09:12:17 -0800</timestamp>
      <cases>
        <case>
          <duration>0.018</duration>
          <className>ASDAProductReviewPageTests</className>
          <testName>testEndIndex</testName>
          <skipped>false</skipped>
          <failedSince>0</failedSince>
        </case>
        <case>
          <duration>0.017</duration>
          <className>ASDAProductReviewPageTests</className>
          <testName>testNumberOfPages</testName>
          <skipped>false</skipped>
          <failedSince>0</failedSince>
        </case>
        <case>
          <duration>0.017</duration>
          <className>ASDAProductReviewPageTests</className>
          <testName>testPageNumber</testName>
          <skipped>false</skipped>
          <failedSince>0</failedSince>
        </case>
        <case>
          <duration>0.017</duration>
          <className>ASDAProductReviewPageTests</className>
          <testName>testPageSize</testName>
          <skipped>false</skipped>
          <failedSince>0</failedSince>
        </case>
        <case>
          <duration>0.017</duration>
          <className>ASDAProductReviewPageTests</className>
          <testName>testReviewsCount</testName>
          <skipped>false</skipped>
          <failedSince>0</failedSince>
        </case>
        <case>
          <duration>0.017</duration>
          <className>ASDAProductReviewPageTests</className>
          <testName>testStartIndex</testName>
          <skipped>false</skipped>
          <failedSince>0</failedSince>
        </case>
      </cases>
    </suite>
    <suite>
      <file>/Users/Shared/Jenkins/Home/jobs/dwsjoquist testing/workspace/test-reports/TEST-ASDAProductReviewTests.xml</file>
      <name>ASDAProductReviewTests</name>
      <duration>0.252</duration>
      <timestamp>2016-02-04 09:12:17 -0800</timestamp>
      <cases>
        <case>
          <duration>0.014</duration>
          <className>ASDAProductReviewTests</className>
          <testName>testAuthorId</testName>
          <skipped>false</skipped>
          <failedSince>0</failedSince>
        </case>
        <case>
          <duration>0.014</duration>
          <className>ASDAProductReviewTests</className>
          <testName>testAuthorNickname</testName>
          <skipped>false</skipped>
          <failedSince>0</failedSince>
        </case>
        <case>
          <duration>0.014</duration>
          <className>ASDAProductReviewTests</className>
          <testName>testCreationDate</testName>
          <skipped>false</skipped>
          <failedSince>0</failedSince>
        </case>
        <case>
          <duration>0.014</duration>
          <className>ASDAProductReviewTests</className>
          <testName>testFeatured</testName>
          <skipped>false</skipped>
          <failedSince>0</failedSince>
        </case>
        <case>
          <duration>0.014</duration>
          <className>ASDAProductReviewTests</className>
          <testName>testFeedbackCount</testName>
          <skipped>false</skipped>
          <failedSince>0</failedSince>
        </case>
        <case>
          <duration>0.014</duration>
          <className>ASDAProductReviewTests</className>
          <testName>testHelpfulness</testName>
          <skipped>false</skipped>
          <failedSince>0</failedSince>
        </case>
        <case>
          <duration>0.014</duration>
          <className>ASDAProductReviewTests</className>
          <testName>testModerationDate</testName>
          <skipped>false</skipped>
          <failedSince>0</failedSince>
        </case>
        <case>
          <duration>0.014</duration>
          <className>ASDAProductReviewTests</className>
          <testName>testModificationDate</testName>
          <skipped>false</skipped>
          <failedSince>0</failedSince>
        </case>
        <case>
          <duration>0.014</duration>
          <className>ASDAProductReviewTests</className>
          <testName>testNegativeFeedbackCount</testName>
          <skipped>false</skipped>
          <failedSince>0</failedSince>
        </case>
        <case>
          <duration>0.014</duration>
          <className>ASDAProductReviewTests</className>
          <testName>testPositiveFeedbackCount</testName>
          <skipped>false</skipped>
          <failedSince>0</failedSince>
        </case>
        <case>
          <duration>0.014</duration>
          <className>ASDAProductReviewTests</className>
          <testName>testProductId</testName>
          <skipped>false</skipped>
          <failedSince>0</failedSince>
        </case>
        <case>
          <duration>0.014</duration>
          <className>ASDAProductReviewTests</className>
          <testName>testRating</testName>
          <skipped>false</skipped>
          <failedSince>0</failedSince>
        </case>
        <case>
          <duration>0.014</duration>
          <className>ASDAProductReviewTests</className>
          <testName>testRatingRange</testName>
          <skipped>false</skipped>
          <failedSince>0</failedSince>
        </case>
        <case>
          <duration>0.014</duration>
          <className>ASDAProductReviewTests</className>
          <testName>testReviewId</testName>
          <skipped>false</skipped>
          <failedSince>0</failedSince>
        </case>
        <case>
          <duration>0.014</duration>
          <className>ASDAProductReviewTests</className>
          <testName>testReviewText</testName>
          <skipped>false</skipped>
          <failedSince>0</failedSince>
        </case>
        <case>
          <duration>0.014</duration>
          <className>ASDAProductReviewTests</className>
          <testName>testSubmissionId</testName>
          <skipped>false</skipped>
          <failedSince>0</failedSince>
        </case>
        <case>
          <duration>0.014</duration>
          <className>ASDAProductReviewTests</className>
          <testName>testSyndicated</testName>
          <skipped>false</skipped>
          <failedSince>0</failedSince>
        </case>
        <case>
          <duration>0.014</duration>
          <className>ASDAProductReviewTests</className>
          <testName>testTitle</testName>
          <skipped>false</skipped>
          <failedSince>0</failedSince>
        </case>
      </cases>
    </suite>
    <suite>
      <file>/Users/Shared/Jenkins/Home/jobs/dwsjoquist testing/workspace/test-reports/TEST-ASDAProductReviewsServiceTests.xml</file>
      <name>ASDAProductReviewsServiceTests</name>
      <duration>0.035</duration>
      <timestamp>2016-02-04 09:12:17 -0800</timestamp>
      <cases>
        <case>
          <duration>0.018</duration>
          <className>ASDAProductReviewsServiceTests</className>
          <testName>testReturnedClass</testName>
          <skipped>false</skipped>
          <failedSince>0</failedSince>
        </case>
        <case>
          <duration>0.017</duration>
          <className>ASDAProductReviewsServiceTests</className>
          <testName>testReviewCount</testName>
          <skipped>false</skipped>
          <failedSince>0</failedSince>
        </case>
      </cases>
    </suite>
    <suite>
      <file>/Users/Shared/Jenkins/Home/jobs/dwsjoquist testing/workspace/test-reports/TEST-ASDAPromotionModelTests.xml</file>
      <name>ASDAPromotionModelTests</name>
      <duration>0.43100002</duration>
      <timestamp>2016-02-04 09:12:18 -0800</timestamp>
      <cases>
        <case>
          <duration>0.045</duration>
          <className>ASDAPromotionModelTests</className>
          <testName>testAvailableObject</testName>
          <skipped>false</skipped>
          <failedSince>0</failedSince>
        </case>
        <case>
          <duration>0.043</duration>
          <className>ASDAPromotionModelTests</className>
          <testName>testPagingInfo</testName>
          <skipped>false</skipped>
          <failedSince>0</failedSince>
        </case>
        <case>
          <duration>0.043</duration>
          <className>ASDAPromotionModelTests</className>
          <testName>testPricePerWeightBoth</testName>
          <skipped>false</skipped>
          <failedSince>0</failedSince>
        </case>
        <case>
          <duration>0.042</duration>
          <className>ASDAPromotionModelTests</className>
          <testName>testPricePerWeightEach</testName>
          <skipped>false</skipped>
          <failedSince>0</failedSince>
        </case>
        <case>
          <duration>0.043</duration>
          <className>ASDAPromotionModelTests</className>
          <testName>testPricePerWeightWeighted</testName>
          <skipped>false</skipped>
          <failedSince>0</failedSince>
        </case>
        <case>
          <duration>0.043</duration>
          <className>ASDAPromotionModelTests</className>
          <testName>testPromoDetails</testName>
          <skipped>false</skipped>
          <failedSince>0</failedSince>
        </case>
        <case>
          <duration>0.042</duration>
          <className>ASDAPromotionModelTests</className>
          <testName>testPromotionFields</testName>
          <skipped>false</skipped>
          <failedSince>0</failedSince>
        </case>
        <case>
          <duration>0.042</duration>
          <className>ASDAPromotionModelTests</className>
          <testName>testUnavailableObject</testName>
          <skipped>false</skipped>
          <failedSince>0</failedSince>
        </case>
        <case>
          <duration>0.045</duration>
          <className>ASDAPromotionModelTests</className>
          <testName>testValidObject</testName>
          <skipped>false</skipped>
          <failedSince>0</failedSince>
        </case>
        <case>
          <duration>0.043</duration>
          <className>ASDAPromotionModelTests</className>
          <testName>testValidPromoItems</testName>
          <skipped>false</skipped>
          <failedSince>0</failedSince>
        </case>
      </cases>
    </suite>
    <suite>
      <file>/Users/Shared/Jenkins/Home/jobs/dwsjoquist testing/workspace/test-reports/TEST-ASDARatingsAndFeedbackManagerTest.xml</file>
      <name>ASDARatingsAndFeedbackManagerTest</name>
      <duration>0.0</duration>
      <timestamp>2016-02-04 09:12:18 -0800</timestamp>
      <cases>
        <case>
          <duration>0.0</duration>
          <className>ASDARatingsAndFeedbackManagerTest</className>
          <testName>testGetModelAndVersionData</testName>
          <skipped>false</skipped>
          <failedSince>0</failedSince>
        </case>
      </cases>
    </suite>
    <suite>
      <file>/Users/Shared/Jenkins/Home/jobs/dwsjoquist testing/workspace/test-reports/TEST-ASDARecurringSlotDetailsTests.xml</file>
      <name>ASDARecurringSlotDetailsTests</name>
      <duration>0.017</duration>
      <timestamp>2016-02-04 09:12:18 -0800</timestamp>
      <cases>
        <case>
          <duration>0.002</duration>
          <className>ASDARecurringSlotDetailsTests</className>
          <testName>testDeliveryTimeWithSlotStartTimeOnly</testName>
          <skipped>false</skipped>
          <failedSince>0</failedSince>
        </case>
        <case>
          <duration>0.001</duration>
          <className>ASDARecurringSlotDetailsTests</className>
          <testName>testDeliveryTimeWithStartSlotEndTimeHourAndMinutes</testName>
          <skipped>false</skipped>
          <failedSince>0</failedSince>
        </case>
        <case>
          <duration>0.001</duration>
          <className>ASDARecurringSlotDetailsTests</className>
          <testName>testDeliveryTimeWithStartSlotEndTimeHoursOnly</testName>
          <skipped>false</skipped>
          <failedSince>0</failedSince>
        </case>
        <case>
          <duration>0.001</duration>
          <className>ASDARecurringSlotDetailsTests</className>
          <testName>testIsWithinNextDeliveryCycleWithDayBefore</testName>
          <skipped>false</skipped>
          <failedSince>0</failedSince>
        </case>
        <case>
          <duration>0.001</duration>
          <className>ASDARecurringSlotDetailsTests</className>
          <testName>testIsWithinNextDeliveryCycleWithEightDaysBefore</testName>
          <skipped>false</skipped>
          <failedSince>0</failedSince>
        </case>
        <case>
          <duration>0.001</duration>
          <className>ASDARecurringSlotDetailsTests</className>
          <testName>testIsWithinNextDeliveryCycleWithNextDay</testName>
          <skipped>false</skipped>
          <failedSince>0</failedSince>
        </case>
        <case>
          <duration>0.001</duration>
          <className>ASDARecurringSlotDetailsTests</className>
          <testName>testIsWithinNextDeliveryCycleWithSameDay</testName>
          <skipped>false</skipped>
          <failedSince>0</failedSince>
        </case>
        <case>
          <duration>0.001</duration>
          <className>ASDARecurringSlotDetailsTests</className>
          <testName>testIsWithinNextDeliveryCycleWithSevenDaysBefore</testName>
          <skipped>false</skipped>
          <failedSince>0</failedSince>
        </case>
        <case>
          <duration>0.001</duration>
          <className>ASDARecurringSlotDetailsTests</className>
          <testName>testNextDeliveryDateDateToday</testName>
          <skipped>false</skipped>
          <failedSince>0</failedSince>
        </case>
        <case>
          <duration>0.001</duration>
          <className>ASDARecurringSlotDetailsTests</className>
          <testName>testNextDeliveryDateOldDate</testName>
          <skipped>false</skipped>
          <failedSince>0</failedSince>
        </case>
        <case>
          <duration>0.001</duration>
          <className>ASDARecurringSlotDetailsTests</className>
          <testName>testParseClickAndCollectSlot</testName>
          <skipped>false</skipped>
          <failedSince>0</failedSince>
        </case>
        <case>
          <duration>0.001</duration>
          <className>ASDARecurringSlotDetailsTests</className>
          <testName>testParseDate</testName>
          <skipped>false</skipped>
          <failedSince>0</failedSince>
        </case>
        <case>
          <duration>0.001</duration>
          <className>ASDARecurringSlotDetailsTests</className>
          <testName>testParseDateNoTimes</testName>
          <skipped>false</skipped>
          <failedSince>0</failedSince>
        </case>
        <case>
          <duration>0.001</duration>
          <className>ASDARecurringSlotDetailsTests</className>
          <testName>testParseDateWithBeforeFormat</testName>
          <skipped>false</skipped>
          <failedSince>0</failedSince>
        </case>
        <case>
          <duration>0.001</duration>
          <className>ASDARecurringSlotDetailsTests</className>
          <testName>testParseSlotStartTimeOnly</testName>
          <skipped>false</skipped>
          <failedSince>0</failedSince>
        </case>
        <case>
          <duration>0.001</duration>
          <className>ASDARecurringSlotDetailsTests</className>
          <testName>testParseStartSlotEndTime</testName>
          <skipped>false</skipped>
          <failedSince>0</failedSince>
        </case>
        <case>
          <duration>0.0</duration>
          <className>ASDARecurringSlotDetailsTests</className>
          <testName>testTranslateSlotFrequencyToHumanReadableNil</testName>
          <skipped>false</skipped>
          <failedSince>0</failedSince>
        </case>
        <case>
          <duration>0.0</duration>
          <className>ASDARecurringSlotDetailsTests</className>
          <testName>testTranslateSlotFrequencyToHumanReadableP1D</testName>
          <skipped>false</skipped>
          <failedSince>0</failedSince>
        </case>
        <case>
          <duration>0.0</duration>
          <className>ASDARecurringSlotDetailsTests</className>
          <testName>testTranslateSlotFrequencyToHumanReadableP1W</testName>
          <skipped>false</skipped>
          <failedSince>0</failedSince>
        </case>
        <case>
          <duration>0.0</duration>
          <className>ASDARecurringSlotDetailsTests</className>
          <testName>testTranslateSlotFrequencyToHumanReadableP28D</testName>
          <skipped>false</skipped>
          <failedSince>0</failedSince>
        </case>
        <case>
          <duration>0.0</duration>
          <className>ASDARecurringSlotDetailsTests</className>
          <testName>testTranslateSlotFrequencyToHumanReadableP2D</testName>
          <skipped>false</skipped>
          <failedSince>0</failedSince>
        </case>
        <case>
          <duration>0.0</duration>
          <className>ASDARecurringSlotDetailsTests</className>
          <testName>testTranslateSlotFrequencyToHumanReadableP2W</testName>
          <skipped>false</skipped>
          <failedSince>0</failedSince>
        </case>
        <case>
          <duration>0.0</duration>
          <className>ASDARecurringSlotDetailsTests</className>
          <testName>testTranslateSlotFrequencyToHumanReadableP7D</testName>
          <skipped>false</skipped>
          <failedSince>0</failedSince>
        </case>
        <case>
          <duration>0.0</duration>
          <className>ASDARecurringSlotDetailsTests</className>
          <testName>testTranslateSlotFrequencyToHumanReadableP8D</testName>
          <skipped>false</skipped>
          <failedSince>0</failedSince>
        </case>
        <case>
          <duration>0.0</duration>
          <className>ASDARecurringSlotDetailsTests</className>
          <testName>testTranslateSlotFrequencyToNumberOfDaysP1D</testName>
          <skipped>false</skipped>
          <failedSince>0</failedSince>
        </case>
        <case>
          <duration>0.0</duration>
          <className>ASDARecurringSlotDetailsTests</className>
          <testName>testTranslateSlotFrequencyToNumberOfDaysP1W</testName>
          <skipped>false</skipped>
          <failedSince>0</failedSince>
        </case>
        <case>
          <duration>0.0</duration>
          <className>ASDARecurringSlotDetailsTests</className>
          <testName>testTranslateSlotFrequencyToNumberOfDaysP28D</testName>
          <skipped>false</skipped>
          <failedSince>0</failedSince>
        </case>
        <case>
          <duration>0.0</duration>
          <className>ASDARecurringSlotDetailsTests</className>
          <testName>testTranslateSlotFrequencyToNumberOfDaysP2W</testName>
          <skipped>false</skipped>
          <failedSince>0</failedSince>
        </case>
        <case>
          <duration>0.0</duration>
          <className>ASDARecurringSlotDetailsTests</className>
          <testName>testTranslateSlotFrequencyToNumberOfDaysP3W</testName>
          <skipped>false</skipped>
          <failedSince>0</failedSince>
        </case>
        <case>
          <duration>0.0</duration>
          <className>ASDARecurringSlotDetailsTests</className>
          <testName>testTranslateSlotFrequencyToNumberOfDaysP7D</testName>
          <skipped>false</skipped>
          <failedSince>0</failedSince>
        </case>
        <case>
          <duration>0.0</duration>
          <className>ASDARecurringSlotDetailsTests</className>
          <testName>testTranslateSlotFrequencyToNumberOfDaysP8D</testName>
          <skipped>false</skipped>
          <failedSince>0</failedSince>
        </case>
      </cases>
    </suite>
    <suite>
      <file>/Users/Shared/Jenkins/Home/jobs/dwsjoquist testing/workspace/test-reports/TEST-ASDAShopCategoryListTest.xml</file>
      <name>ASDAShopCategoryListTest</name>
      <duration>0.029</duration>
      <timestamp>2016-02-04 09:12:18 -0800</timestamp>
      <cases>
        <case>
          <duration>0.029</duration>
          <className>ASDAShopCategoryListTest</className>
          <testName>testMapFullData</testName>
          <skipped>false</skipped>
          <failedSince>0</failedSince>
        </case>
      </cases>
    </suite>
    <suite>
      <file>/Users/Shared/Jenkins/Home/jobs/dwsjoquist testing/workspace/test-reports/TEST-ASDASlotSelectionModelTests.xml</file>
      <name>ASDASlotSelectionModelTests</name>
      <duration>0.030999996</duration>
      <timestamp>2016-02-04 09:12:18 -0800</timestamp>
      <cases>
        <case>
          <duration>0.006</duration>
          <className>ASDASlotSelectionModelTests</className>
          <testName>testBookSlotResponse</testName>
          <skipped>false</skipped>
          <failedSince>0</failedSince>
        </case>
        <case>
          <duration>0.005</duration>
          <className>ASDASlotSelectionModelTests</className>
          <testName>testCitiesResponse</testName>
          <skipped>false</skipped>
          <failedSince>0</failedSince>
        </case>
        <case>
          <duration>0.005</duration>
          <className>ASDASlotSelectionModelTests</className>
          <testName>testSelectStoresResponse</testName>
          <skipped>false</skipped>
          <failedSince>0</failedSince>
        </case>
        <case>
          <duration>0.005</duration>
          <className>ASDASlotSelectionModelTests</className>
          <testName>testStoresResponse</testName>
          <skipped>false</skipped>
          <failedSince>0</failedSince>
        </case>
        <case>
          <duration>0.005</duration>
          <className>ASDASlotSelectionModelTests</className>
          <testName>testViewSlotBookedResponse</testName>
          <skipped>false</skipped>
          <failedSince>0</failedSince>
        </case>
        <case>
          <duration>0.005</duration>
          <className>ASDASlotSelectionModelTests</className>
          <testName>testViewSlotResponse</testName>
          <skipped>false</skipped>
          <failedSince>0</failedSince>
        </case>
      </cases>
    </suite>
    <suite>
      <file>/Users/Shared/Jenkins/Home/jobs/dwsjoquist testing/workspace/test-reports/TEST-ASDASpecialOfferModelTests.xml</file>
      <name>ASDASpecialOfferModelTests</name>
      <duration>0.018000001</duration>
      <timestamp>2016-02-04 09:12:18 -0800</timestamp>
      <cases>
        <case>
          <duration>0.005</duration>
          <className>ASDASpecialOfferModelTests</className>
          <testName>testPagingInfo</testName>
          <skipped>false</skipped>
          <failedSince>0</failedSince>
        </case>
        <case>
          <duration>0.005</duration>
          <className>ASDASpecialOfferModelTests</className>
          <testName>testPromotionFields</testName>
          <skipped>false</skipped>
          <failedSince>0</failedSince>
        </case>
        <case>
          <duration>0.004</duration>
          <className>ASDASpecialOfferModelTests</className>
          <testName>testValidObject</testName>
          <skipped>false</skipped>
          <failedSince>0</failedSince>
        </case>
        <case>
          <duration>0.004</duration>
          <className>ASDASpecialOfferModelTests</className>
          <testName>testValidSpecialOfferItems</testName>
          <skipped>false</skipped>
          <failedSince>0</failedSince>
        </case>
      </cases>
    </suite>
    <suite>
      <file>/Users/Shared/Jenkins/Home/jobs/dwsjoquist testing/workspace/test-reports/TEST-ASDAStringExtensionTests.xml</file>
      <name>ASDAStringExtensionTests</name>
      <duration>0.002</duration>
      <timestamp>2016-02-04 09:12:27 -0800</timestamp>
      <cases>
        <case>
          <duration>0.002</duration>
          <className>ASDAStringExtensionTests</className>
          <testName>testComplexEncodeAsURL</testName>
          <skipped>false</skipped>
          <failedSince>0</failedSince>
        </case>
        <case>
          <duration>0.0</duration>
          <className>ASDAStringExtensionTests</className>
          <testName>testComplexToURL</testName>
          <skipped>false</skipped>
          <failedSince>0</failedSince>
        </case>
        <case>
          <duration>0.0</duration>
          <className>ASDAStringExtensionTests</className>
          <testName>testIfEmptyEmptyString</testName>
          <skipped>false</skipped>
          <failedSince>0</failedSince>
        </case>
        <case>
          <duration>0.0</duration>
          <className>ASDAStringExtensionTests</className>
          <testName>testIfEmptyNilString</testName>
          <skipped>false</skipped>
          <failedSince>0</failedSince>
        </case>
        <case>
          <duration>0.0</duration>
          <className>ASDAStringExtensionTests</className>
          <testName>testIfEmptyNonEmptyString</testName>
          <skipped>false</skipped>
          <failedSince>0</failedSince>
        </case>
        <case>
          <duration>0.0</duration>
          <className>ASDAStringExtensionTests</className>
          <testName>testSimpleEncodeAsURL</testName>
          <skipped>false</skipped>
          <failedSince>0</failedSince>
        </case>
        <case>
          <duration>0.0</duration>
          <className>ASDAStringExtensionTests</className>
          <testName>testSimpleToURL</testName>
          <skipped>false</skipped>
          <failedSince>0</failedSince>
        </case>
        <case>
          <duration>0.0</duration>
          <className>ASDAStringExtensionTests</className>
          <testName>testURLEncoded</testName>
          <skipped>false</skipped>
          <failedSince>0</failedSince>
        </case>
      </cases>
    </suite>
    <suite>
      <file>/Users/Shared/Jenkins/Home/jobs/dwsjoquist testing/workspace/test-reports/TEST-ASDATaxonomyManagerTests.xml</file>
      <name>ASDATaxonomyManagerTests</name>
      <duration>0.041</duration>
      <timestamp>2016-02-04 09:12:18 -0800</timestamp>
      <cases>
        <case>
          <duration>0.021</duration>
          <className>ASDATaxonomyManagerTests</className>
          <testName>testShouldLoadWhenCategoriesExistButAreStale</testName>
          <skipped>false</skipped>
          <failedSince>0</failedSince>
        </case>
        <case>
          <duration>0.02</duration>
          <className>ASDATaxonomyManagerTests</className>
          <testName>testShouldLoadWhenNoCategories</testName>
          <skipped>false</skipped>
          <failedSince>0</failedSince>
        </case>
        <case>
          <duration>0.0</duration>
          <className>ASDATaxonomyManagerTests</className>
          <testName>testShouldNotLoadWhenCategoriesExist</testName>
          <skipped>false</skipped>
          <failedSince>0</failedSince>
        </case>
      </cases>
    </suite>
    <suite>
      <file>/Users/Shared/Jenkins/Home/jobs/dwsjoquist testing/workspace/test-reports/TEST-ASDATrolleyManagerTest.xml</file>
      <name>ASDATrolleyManagerTest</name>
      <duration>0.003</duration>
      <timestamp>2016-02-04 09:12:18 -0800</timestamp>
      <cases>
        <case>
          <duration>0.003</duration>
          <className>ASDATrolleyManagerTest</className>
          <testName>testCreateNewTrolley</testName>
          <skipped>false</skipped>
          <failedSince>0</failedSince>
        </case>
      </cases>
    </suite>
    <suite>
      <file>/Users/Shared/Jenkins/Home/jobs/dwsjoquist testing/workspace/test-reports/TEST-ASDAUIColorExtensionTests.xml</file>
      <name>ASDAUIColorExtensionTests</name>
      <duration>0.002</duration>
      <timestamp>2016-02-04 09:12:27 -0800</timestamp>
      <cases>
        <case>
          <duration>0.002</duration>
          <className>ASDAUIColorExtensionTests</className>
          <testName>testBlackTransparent</testName>
          <skipped>false</skipped>
          <failedSince>0</failedSince>
        </case>
        <case>
          <duration>0.0</duration>
          <className>ASDAUIColorExtensionTests</className>
          <testName>testMixedValues3Characters</testName>
          <skipped>false</skipped>
          <failedSince>0</failedSince>
        </case>
        <case>
          <duration>0.0</duration>
          <className>ASDAUIColorExtensionTests</className>
          <testName>testMixedValues4Characters</testName>
          <skipped>false</skipped>
          <failedSince>0</failedSince>
        </case>
        <case>
          <duration>0.0</duration>
          <className>ASDAUIColorExtensionTests</className>
          <testName>testMixedValues6Characters</testName>
          <skipped>false</skipped>
          <failedSince>0</failedSince>
        </case>
        <case>
          <duration>0.0</duration>
          <className>ASDAUIColorExtensionTests</className>
          <testName>testMixedValues8Characters</testName>
          <skipped>false</skipped>
          <failedSince>0</failedSince>
        </case>
        <case>
          <duration>0.0</duration>
          <className>ASDAUIColorExtensionTests</className>
          <testName>testWhite</testName>
          <skipped>false</skipped>
          <failedSince>0</failedSince>
        </case>
      </cases>
    </suite>
    <suite>
      <file>/Users/Shared/Jenkins/Home/jobs/dwsjoquist testing/workspace/test-reports/TEST-ASDAUserModelTest.xml</file>
      <name>ASDAUserModelTest</name>
      <duration>0.001</duration>
      <timestamp>2016-02-04 09:12:18 -0800</timestamp>
      <cases>
        <case>
          <duration>0.001</duration>
          <className>ASDAUserModelTest</className>
          <testName>testUserModel</testName>
          <skipped>false</skipped>
          <failedSince>0</failedSince>
        </case>
        <case>
          <duration>0.0</duration>
          <className>ASDAUserModelTest</className>
          <testName>testUserModelAgain</testName>
          <skipped>false</skipped>
          <failedSince>0</failedSince>
        </case>
        <case>
          <duration>0.0</duration>
          <className>ASDAUserModelTest</className>
          <testName>testUserModelWithValidSlot</testName>
          <skipped>false</skipped>
          <failedSince>0</failedSince>
        </case>
      </cases>
    </suite>
    <suite>
      <file>/Users/Shared/Jenkins/Home/jobs/dwsjoquist testing/workspace/test-reports/TEST-ASDAVoucherModelTest.xml</file>
      <name>ASDAVoucherModelTest</name>
      <duration>0.0</duration>
      <timestamp>2016-02-04 09:12:18 -0800</timestamp>
      <cases>
        <case>
          <duration>0.0</duration>
          <className>ASDAVoucherModelTest</className>
          <testName>testThatCreditCardModelWasInitedWithDictionary</testName>
          <skipped>false</skipped>
          <failedSince>0</failedSince>
        </case>
        <case>
          <duration>0.0</duration>
          <className>ASDAVoucherModelTest</className>
          <testName>testThatVoucherIsValid</testName>
          <skipped>false</skipped>
          <failedSince>0</failedSince>
        </case>
      </cases>
    </suite>
    <suite>
      <file>/Users/Shared/Jenkins/Home/jobs/dwsjoquist testing/workspace/test-reports/TEST-ASDAWebViewControllerTest.xml</file>
      <name>ASDAWebViewControllerTest</name>
      <duration>0.556</duration>
      <timestamp>2016-02-04 09:12:18 -0800</timestamp>
      <cases>
        <case>
          <duration>0.028</duration>
          <className>ASDAWebViewControllerTest</className>
          <testName>testDelegateExists</testName>
          <skipped>false</skipped>
          <failedSince>0</failedSince>
        </case>
        <case>
          <duration>0.104</duration>
          <className>ASDAWebViewControllerTest</className>
          <testName>testDidFailLoadBlock</testName>
          <skipped>false</skipped>
          <failedSince>0</failedSince>
        </case>
        <case>
          <duration>0.105</duration>
          <className>ASDAWebViewControllerTest</className>
          <testName>testDidFinishLoadBlock</testName>
          <skipped>false</skipped>
          <failedSince>0</failedSince>
        </case>
        <case>
          <duration>0.108</duration>
          <className>ASDAWebViewControllerTest</className>
          <testName>testDidStartLoadBlock</testName>
          <skipped>false</skipped>
          <failedSince>0</failedSince>
        </case>
        <case>
          <duration>0.103</duration>
          <className>ASDAWebViewControllerTest</className>
          <testName>testWithInjectViewport</testName>
          <skipped>false</skipped>
          <failedSince>0</failedSince>
        </case>
        <case>
          <duration>0.108</duration>
          <className>ASDAWebViewControllerTest</className>
          <testName>testWithoutInjectViewport</testName>
          <skipped>false</skipped>
          <failedSince>0</failedSince>
        </case>
      </cases>
    </suite>
    <suite>
      <file>/Users/Shared/Jenkins/Home/jobs/dwsjoquist testing/workspace/test-reports/TEST-ArrayDataSourceTests.xml</file>
      <name>ArrayDataSourceTests</name>
      <duration>0.444</duration>
      <timestamp>2016-02-04 09:12:27 -0800</timestamp>
      <cases>
        <case>
          <duration>0.0</duration>
          <className>ArrayDataSourceTests</className>
          <testName>testExample</testName>
          <skipped>false</skipped>
          <failedSince>0</failedSince>
        </case>
        <case>
          <duration>0.444</duration>
          <className>ArrayDataSourceTests</className>
          <testName>testPerformanceExample</testName>
          <skipped>false</skipped>
          <failedSince>0</failedSince>
        </case>
      </cases>
    </suite>
    <suite>
      <file>/Users/Shared/Jenkins/Home/jobs/dwsjoquist testing/workspace/test-reports/TEST-CoreTypeTests.xml</file>
      <name>CoreTypeTests</name>
      <duration>0.0</duration>
      <timestamp>2016-02-04 09:12:27 -0800</timestamp>
      <cases>
        <case>
          <duration>0.0</duration>
          <className>CoreTypeTests</className>
          <testName>testTypeKeyEquality</testName>
          <skipped>false</skipped>
          <failedSince>0</failedSince>
        </case>
        <case>
          <duration>0.0</duration>
          <className>CoreTypeTests</className>
          <testName>testTypeKeyHashing</testName>
          <skipped>false</skipped>
          <failedSince>0</failedSince>
        </case>
        <case>
          <duration>0.0</duration>
          <className>CoreTypeTests</className>
          <testName>testTypeKeyInequality</testName>
          <skipped>false</skipped>
          <failedSince>0</failedSince>
        </case>
      </cases>
    </suite>
    <suite>
      <file>/Users/Shared/Jenkins/Home/jobs/dwsjoquist testing/workspace/test-reports/TEST-DeliveryPassModelTests.xml</file>
      <name>DeliveryPassModelTests</name>
      <duration>0.003</duration>
      <timestamp>2016-02-04 09:12:33 -0800</timestamp>
      <cases>
        <case>
          <duration>0.003</duration>
          <className>DeliveryPassModelTests</className>
          <testName>testOrderIsCreatedFromDictionary</testName>
          <skipped>false</skipped>
          <failedSince>0</failedSince>
        </case>
        <case>
          <duration>0.0</duration>
          <className>DeliveryPassModelTests</className>
          <testName>testPromoIsCreatedFromDictionary</testName>
          <skipped>false</skipped>
          <failedSince>0</failedSince>
        </case>
      </cases>
    </suite>
    <suite>
      <file>/Users/Shared/Jenkins/Home/jobs/dwsjoquist testing/workspace/test-reports/TEST-DummyObjCAllFailuresTests.xml</file>
      <name>DummyObjCAllFailuresTests</name>
      <duration>0.002</duration>
      <timestamp>2016-02-04 09:12:33 -0800</timestamp>
      <cases>
        <case>
          <duration>0.001</duration>
          <className>DummyObjCAllFailuresTests</className>
          <testName>testFailure1</testName>
          <skipped>false</skipped>
          <errorStackTrace>/Users/Shared/Jenkins/Home/jobs/dwsjoquist testing/workspace/ASDA-Tests/Common/DummyObjCAllFailuresTests.m:19</errorStackTrace>
          <errorDetails>failed - Failure 1</errorDetails>
          <failedSince>21</failedSince>
        </case>
        <case>
          <duration>0.001</duration>
          <className>DummyObjCAllFailuresTests</className>
          <testName>testFailure2</testName>
          <skipped>false</skipped>
          <errorStackTrace>/Users/Shared/Jenkins/Home/jobs/dwsjoquist testing/workspace/ASDA-Tests/Common/DummyObjCAllFailuresTests.m:25</errorStackTrace>
          <errorDetails>((@&quot;wrong answer&quot;) equal to (a)) failed: (&quot;wrong answer&quot;) is not equal to (&quot;testFailure2&quot;)</errorDetails>
          <failedSince>21</failedSince>
        </case>
      </cases>
    </suite>
    <suite>
      <file>/Users/Shared/Jenkins/Home/jobs/dwsjoquist testing/workspace/test-reports/TEST-DummyObjCSomeFailuresTests.xml</file>
      <name>DummyObjCSomeFailuresTests</name>
      <duration>0.001</duration>
      <timestamp>2016-02-04 09:12:33 -0800</timestamp>
      <cases>
        <case>
          <duration>0.001</duration>
          <className>DummyObjCSomeFailuresTests</className>
          <testName>testFailure1</testName>
          <skipped>false</skipped>
          <errorStackTrace>/Users/Shared/Jenkins/Home/jobs/dwsjoquist testing/workspace/ASDA-Tests/Common/DummyObjCSomeFailuresTests.m:19</errorStackTrace>
          <errorDetails>failed - Failure 1</errorDetails>
          <failedSince>21</failedSince>
        </case>
        <case>
          <duration>0.0</duration>
          <className>DummyObjCSomeFailuresTests</className>
          <testName>testSuccess1</testName>
          <skipped>false</skipped>
          <failedSince>0</failedSince>
        </case>
      </cases>
    </suite>
    <suite>
      <file>/Users/Shared/Jenkins/Home/jobs/dwsjoquist testing/workspace/test-reports/TEST-DummySwiftAllFailuresTests.xml</file>
      <name>DummySwiftAllFailuresTests</name>
      <duration>0.003</duration>
      <timestamp>2016-02-04 09:12:27 -0800</timestamp>
      <cases>
        <case>
          <duration>0.002</duration>
          <className>DummySwiftAllFailuresTests</className>
          <testName>testFailure1</testName>
          <skipped>false</skipped>
          <errorStackTrace>/Users/Shared/Jenkins/Home/jobs/dwsjoquist testing/workspace/ASDA-Tests/Common/DummySwiftAllFailuresTests.swift:15</errorStackTrace>
          <errorDetails>failed - Failure 1</errorDetails>
          <failedSince>21</failedSince>
        </case>
        <case>
          <duration>0.001</duration>
          <className>DummySwiftAllFailuresTests</className>
          <testName>testFailure2</testName>
          <skipped>false</skipped>
          <errorStackTrace>/Users/Shared/Jenkins/Home/jobs/dwsjoquist testing/workspace/ASDA-Tests/Common/DummySwiftAllFailuresTests.swift:21</errorStackTrace>
          <errorDetails>XCTAssertEqual failed: (&quot;Optional(&quot;wrong answer&quot;)&quot;) is not equal to (&quot;Optional(&quot;testFailure2&quot;)&quot;) - </errorDetails>
          <failedSince>21</failedSince>
        </case>
      </cases>
    </suite>
    <suite>
      <file>/Users/Shared/Jenkins/Home/jobs/dwsjoquist testing/workspace/test-reports/TEST-DummySwiftSomeFailuresTests.xml</file>
      <name>DummySwiftSomeFailuresTests</name>
      <duration>0.0050000004</duration>
      <timestamp>2016-02-04 09:12:27 -0800</timestamp>
      <cases>
        <case>
          <duration>0.001</duration>
          <className>DummySwiftSomeFailuresTests</className>
          <testName>testFailure1</testName>
          <skipped>false</skipped>
          <errorStackTrace>/Users/Shared/Jenkins/Home/jobs/dwsjoquist testing/workspace/ASDA-Tests/Common/DummySwiftSomeFailuresTests.swift:15</errorStackTrace>
          <errorDetails>failed - Failure 1</errorDetails>
          <failedSince>21</failedSince>
        </case>
        <case>
          <duration>0.004</duration>
          <className>DummySwiftSomeFailuresTests</className>
          <testName>testSuccess1</testName>
          <skipped>false</skipped>
          <failedSince>0</failedSince>
        </case>
      </cases>
    </suite>
    <suite>
      <file>/Users/Shared/Jenkins/Home/jobs/dwsjoquist testing/workspace/test-reports/TEST-FutureResultTests.xml</file>
      <name>FutureResultTests</name>
      <duration>0.0</duration>
      <timestamp>2016-02-04 09:12:27 -0800</timestamp>
      <cases>
        <case>
          <duration>0.0</duration>
          <className>FutureResultTests</className>
          <testName>testDispatchWhenRealized</testName>
          <skipped>false</skipped>
          <failedSince>0</failedSince>
        </case>
        <case>
          <duration>0.0</duration>
          <className>FutureResultTests</className>
          <testName>testInitialValue</testName>
          <skipped>false</skipped>
          <failedSince>0</failedSince>
        </case>
        <case>
          <duration>0.0</duration>
          <className>FutureResultTests</className>
          <testName>testRealizeCanceled</testName>
          <skipped>false</skipped>
          <failedSince>0</failedSince>
        </case>
        <case>
          <duration>0.0</duration>
          <className>FutureResultTests</className>
          <testName>testRealizeFailure</testName>
          <skipped>false</skipped>
          <failedSince>0</failedSince>
        </case>
        <case>
          <duration>0.0</duration>
          <className>FutureResultTests</className>
          <testName>testRealizeSuccess</testName>
          <skipped>false</skipped>
          <failedSince>0</failedSince>
        </case>
        <case>
          <duration>0.0</duration>
          <className>FutureResultTests</className>
          <testName>testWaiting</testName>
          <skipped>false</skipped>
          <failedSince>0</failedSince>
        </case>
      </cases>
    </suite>
    <suite>
      <file>/Users/Shared/Jenkins/Home/jobs/dwsjoquist testing/workspace/test-reports/TEST-HexValueColorSchemaTest.xml</file>
      <name>HexValueColorSchemaTest</name>
      <duration>0.004</duration>
      <timestamp>2016-02-04 09:12:27 -0800</timestamp>
      <cases>
        <case>
          <duration>0.004</duration>
          <className>HexValueColorSchemaTest</className>
          <testName>testInvalidJSONValues</testName>
          <skipped>false</skipped>
          <failedSince>0</failedSince>
        </case>
        <case>
          <duration>0.0</duration>
          <className>HexValueColorSchemaTest</className>
          <testName>testInvalidStringValues</testName>
          <skipped>false</skipped>
          <failedSince>0</failedSince>
        </case>
      </cases>
    </suite>
    <suite>
      <file>/Users/Shared/Jenkins/Home/jobs/dwsjoquist testing/workspace/test-reports/TEST-HomeNotificationCentreComponentViewModelTests.xml</file>
      <name>HomeNotificationCentreComponentViewModelTests</name>
      <duration>0.0</duration>
      <timestamp>2016-02-04 09:12:27 -0800</timestamp>
      <cases>
        <case>
          <duration>0.0</duration>
          <className>HomeNotificationCentreComponentViewModelTests</className>
          <testName>testMany</testName>
          <skipped>false</skipped>
          <failedSince>0</failedSince>
        </case>
        <case>
          <duration>0.0</duration>
          <className>HomeNotificationCentreComponentViewModelTests</className>
          <testName>testOne</testName>
          <skipped>false</skipped>
          <failedSince>0</failedSince>
        </case>
        <case>
          <duration>0.0</duration>
          <className>HomeNotificationCentreComponentViewModelTests</className>
          <testName>testZero</testName>
          <skipped>false</skipped>
          <failedSince>0</failedSince>
        </case>
      </cases>
    </suite>
    <suite>
      <file>/Users/Shared/Jenkins/Home/jobs/dwsjoquist testing/workspace/test-reports/TEST-InboxCoderTests.xml</file>
      <name>InboxCoderTests</name>
      <duration>0.019</duration>
      <timestamp>2016-02-04 09:12:27 -0800</timestamp>
      <cases>
        <case>
          <duration>0.006</duration>
          <className>InboxCoderTests</className>
          <testName>testLoadsDefaultMessages</testName>
          <skipped>false</skipped>
          <failedSince>0</failedSince>
        </case>
        <case>
          <duration>0.009</duration>
          <className>InboxCoderTests</className>
          <testName>testSavesLastLoadedMessagesDiff</testName>
          <skipped>false</skipped>
          <failedSince>0</failedSince>
        </case>
        <case>
          <duration>0.004</duration>
          <className>InboxCoderTests</className>
          <testName>testSavesMessagesCorrectly</testName>
          <skipped>false</skipped>
          <failedSince>0</failedSince>
        </case>
      </cases>
    </suite>
    <suite>
      <file>/Users/Shared/Jenkins/Home/jobs/dwsjoquist testing/workspace/test-reports/TEST-InboxMessageTests.xml</file>
      <name>InboxMessageTests</name>
      <duration>0.006</duration>
      <timestamp>2016-02-04 09:12:27 -0800</timestamp>
      <cases>
        <case>
          <duration>0.0</duration>
          <className>InboxMessageTests</className>
          <testName>testConvertsActionTextToMessageType</testName>
          <skipped>false</skipped>
          <failedSince>0</failedSince>
        </case>
        <case>
          <duration>0.0</duration>
          <className>InboxMessageTests</className>
          <testName>testEqualityForLocalMessages</testName>
          <skipped>false</skipped>
          <failedSince>0</failedSince>
        </case>
        <case>
          <duration>0.0</duration>
          <className>InboxMessageTests</className>
          <testName>testEqualityForMixedMessages</testName>
          <skipped>false</skipped>
          <failedSince>0</failedSince>
        </case>
        <case>
          <duration>0.0</duration>
          <className>InboxMessageTests</className>
          <testName>testEqualityForRemoteMessages</testName>
          <skipped>false</skipped>
          <failedSince>0</failedSince>
        </case>
        <case>
          <duration>0.0</duration>
          <className>InboxMessageTests</className>
          <testName>testFlagsExpirationDateAfterNow</testName>
          <skipped>false</skipped>
          <failedSince>0</failedSince>
        </case>
        <case>
          <duration>0.0</duration>
          <className>InboxMessageTests</className>
          <testName>testFlagsExpirationDateSameAsNow</testName>
          <skipped>false</skipped>
          <failedSince>0</failedSince>
        </case>
        <case>
          <duration>0.0</duration>
          <className>InboxMessageTests</className>
          <testName>testFlagsExpirationDateSameBeforeNow</testName>
          <skipped>false</skipped>
          <failedSince>0</failedSince>
        </case>
        <case>
          <duration>0.0</duration>
          <className>InboxMessageTests</className>
          <testName>testFlagsNoExpirationDate</testName>
          <skipped>false</skipped>
          <failedSince>0</failedSince>
        </case>
        <case>
          <duration>0.0</duration>
          <className>InboxMessageTests</className>
          <testName>testInequalityForLocalMessages</testName>
          <skipped>false</skipped>
          <failedSince>0</failedSince>
        </case>
        <case>
          <duration>0.0</duration>
          <className>InboxMessageTests</className>
          <testName>testInequalityForMixedMessages</testName>
          <skipped>false</skipped>
          <failedSince>0</failedSince>
        </case>
        <case>
          <duration>0.0</duration>
          <className>InboxMessageTests</className>
          <testName>testInequalityForRemoteMessages</testName>
          <skipped>false</skipped>
          <failedSince>0</failedSince>
        </case>
        <case>
          <duration>0.0</duration>
          <className>InboxMessageTests</className>
          <testName>testIsExpiredAfterDefaultExpiration</testName>
          <skipped>false</skipped>
          <failedSince>0</failedSince>
        </case>
        <case>
          <duration>0.0</duration>
          <className>InboxMessageTests</className>
          <testName>testIsExpiredOnDefaultExpiration</testName>
          <skipped>false</skipped>
          <failedSince>0</failedSince>
        </case>
        <case>
          <duration>0.0</duration>
          <className>InboxMessageTests</className>
          <testName>testIsExpiredUnderDefaultExpiration</testName>
          <skipped>false</skipped>
          <failedSince>0</failedSince>
        </case>
        <case>
          <duration>0.0</duration>
          <className>InboxMessageTests</className>
          <testName>testIsExpiredWithActualExpirationAndTestDateOutOfRange</testName>
          <skipped>false</skipped>
          <failedSince>0</failedSince>
        </case>
        <case>
          <duration>0.0</duration>
          <className>InboxMessageTests</className>
          <testName>testIsLocalMessageWhenEmptyRemoteIdentifier</testName>
          <skipped>false</skipped>
          <failedSince>0</failedSince>
        </case>
        <case>
          <duration>0.0</duration>
          <className>InboxMessageTests</className>
          <testName>testIsRemoteMessageWhenRemoteIdentifier</testName>
          <skipped>false</skipped>
          <failedSince>0</failedSince>
        </case>
        <case>
          <duration>0.003</duration>
          <className>InboxMessageTests</className>
          <testName>testLoadFromSchema</testName>
          <skipped>false</skipped>
          <failedSince>0</failedSince>
        </case>
        <case>
          <duration>0.003</duration>
          <className>InboxMessageTests</className>
          <testName>testLoadFromUAInboxMessageSchema</testName>
          <skipped>false</skipped>
          <failedSince>0</failedSince>
        </case>
        <case>
          <duration>0.0</duration>
          <className>InboxMessageTests</className>
          <testName>testMessageContent</testName>
          <skipped>false</skipped>
          <failedSince>0</failedSince>
        </case>
        <case>
          <duration>0.0</duration>
          <className>InboxMessageTests</className>
          <testName>testSetExpirationDaysTo30</testName>
          <skipped>false</skipped>
          <failedSince>0</failedSince>
        </case>
        <case>
          <duration>0.0</duration>
          <className>InboxMessageTests</className>
          <testName>testShouldNotRetrieveMessageBodyWhenIsDeepLinkMessage</testName>
          <skipped>false</skipped>
          <failedSince>0</failedSince>
        </case>
        <case>
          <duration>0.0</duration>
          <className>InboxMessageTests</className>
          <testName>testShouldNotRetrieveMessageBodyWhenRetrieved</testName>
          <skipped>false</skipped>
          <failedSince>0</failedSince>
        </case>
        <case>
          <duration>0.0</duration>
          <className>InboxMessageTests</className>
          <testName>testShouldNotRetrieveMessageBodyWhenSetToEmptyString</testName>
          <skipped>false</skipped>
          <failedSince>0</failedSince>
        </case>
        <case>
          <duration>0.0</duration>
          <className>InboxMessageTests</className>
          <testName>testShouldRetrieveMessageBodyWhenIsViewMessage</testName>
          <skipped>false</skipped>
          <failedSince>0</failedSince>
        </case>
        <case>
          <duration>0.0</duration>
          <className>InboxMessageTests</className>
          <testName>testShouldRetrieveMessageBodyWhenNeverRetrieved</testName>
          <skipped>false</skipped>
          <failedSince>0</failedSince>
        </case>
        <case>
          <duration>0.0</duration>
          <className>InboxMessageTests</className>
          <testName>testTextAreaBackgroundDefault</testName>
          <skipped>false</skipped>
          <failedSince>0</failedSince>
        </case>
        <case>
          <duration>0.0</duration>
          <className>InboxMessageTests</className>
          <testName>testUniqueIdentifierCannotBeEmpty</testName>
          <skipped>false</skipped>
          <failedSince>0</failedSince>
        </case>
        <case>
          <duration>0.0</duration>
          <className>InboxMessageTests</className>
          <testName>testUniqueIdentifierIsNotRemoteIdentifierForLocalMessage</testName>
          <skipped>false</skipped>
          <failedSince>0</failedSince>
        </case>
        <case>
          <duration>0.0</duration>
          <className>InboxMessageTests</className>
          <testName>testUniqueIdentifierIsRemoteIdentifierForRemoteMessage</testName>
          <skipped>false</skipped>
          <failedSince>0</failedSince>
        </case>
      </cases>
    </suite>
    <suite>
      <file>/Users/Shared/Jenkins/Home/jobs/dwsjoquist testing/workspace/test-reports/TEST-InboxServiceTests.xml</file>
      <name>InboxServiceTests</name>
      <duration>0.048999984</duration>
      <timestamp>2016-02-04 09:12:27 -0800</timestamp>
      <cases>
        <case>
          <duration>0.006</duration>
          <className>InboxServiceTests</className>
          <testName>testDecrementsUnreadCountOnReadMessage</testName>
          <skipped>false</skipped>
          <failedSince>0</failedSince>
        </case>
        <case>
          <duration>0.001</duration>
          <className>InboxServiceTests</className>
          <testName>testDeletesLocalMessage</testName>
          <skipped>false</skipped>
          <failedSince>0</failedSince>
        </case>
        <case>
          <duration>0.003</duration>
          <className>InboxServiceTests</className>
          <testName>testDeletesRemoteMessageOnSuccessfulServiceRequest</testName>
          <skipped>false</skipped>
          <failedSince>0</failedSince>
        </case>
        <case>
          <duration>0.006</duration>
          <className>InboxServiceTests</className>
          <testName>testDispatchesMessageActionsToMessages</testName>
          <skipped>false</skipped>
          <failedSince>0</failedSince>
        </case>
        <case>
          <duration>0.003</duration>
          <className>InboxServiceTests</className>
          <testName>testDoesNotDeleteRemoteMessageOnFailedServiceRequest</testName>
          <skipped>false</skipped>
          <failedSince>0</failedSince>
        </case>
        <case>
          <duration>0.003</duration>
          <className>InboxServiceTests</className>
          <testName>testDoesNotMarkRemoteMessageReadOnFailedServiceRequest</testName>
          <skipped>false</skipped>
          <failedSince>0</failedSince>
        </case>
        <case>
          <duration>0.001</duration>
          <className>InboxServiceTests</className>
          <testName>testFiltersDeletedMessages</testName>
          <skipped>false</skipped>
          <failedSince>0</failedSince>
        </case>
        <case>
          <duration>0.001</duration>
          <className>InboxServiceTests</className>
          <testName>testFiltersExpiredMessages</testName>
          <skipped>false</skipped>
          <failedSince>0</failedSince>
        </case>
        <case>
          <duration>0.003</duration>
          <className>InboxServiceTests</className>
          <testName>testIncrementsUnreadCountOnNewMessage</testName>
          <skipped>false</skipped>
          <failedSince>0</failedSince>
        </case>
        <case>
          <duration>0.006</duration>
          <className>InboxServiceTests</className>
          <testName>testLoadsInboxOnResume</testName>
          <skipped>false</skipped>
          <failedSince>0</failedSince>
        </case>
        <case>
          <duration>0.002</duration>
          <className>InboxServiceTests</className>
          <testName>testLoadsInboxOnStart</testName>
          <skipped>false</skipped>
          <failedSince>0</failedSince>
        </case>
        <case>
          <duration>0.001</duration>
          <className>InboxServiceTests</className>
          <testName>testMarksLocalMessageRead</testName>
          <skipped>false</skipped>
          <failedSince>0</failedSince>
        </case>
        <case>
          <duration>0.003</duration>
          <className>InboxServiceTests</className>
          <testName>testMarksRemoteMessageReadOnSuccessfulServiceRequest</testName>
          <skipped>false</skipped>
          <failedSince>0</failedSince>
        </case>
        <case>
          <duration>0.003</duration>
          <className>InboxServiceTests</className>
          <testName>testPrunesExpiredMessages</testName>
          <skipped>false</skipped>
          <failedSince>0</failedSince>
        </case>
        <case>
          <duration>0.001</duration>
          <className>InboxServiceTests</className>
          <testName>testResumes</testName>
          <skipped>false</skipped>
          <failedSince>0</failedSince>
        </case>
        <case>
          <duration>0.001</duration>
          <className>InboxServiceTests</className>
          <testName>testReturnsMessageForID</testName>
          <skipped>false</skipped>
          <failedSince>0</failedSince>
        </case>
        <case>
          <duration>0.001</duration>
          <className>InboxServiceTests</className>
          <testName>testSavesInboxOnStop</testName>
          <skipped>false</skipped>
          <failedSince>0</failedSince>
        </case>
        <case>
          <duration>0.001</duration>
          <className>InboxServiceTests</className>
          <testName>testSavesInboxOnSuspend</testName>
          <skipped>false</skipped>
          <failedSince>0</failedSince>
        </case>
        <case>
          <duration>0.001</duration>
          <className>InboxServiceTests</className>
          <testName>testStarts</testName>
          <skipped>false</skipped>
          <failedSince>0</failedSince>
        </case>
        <case>
          <duration>0.001</duration>
          <className>InboxServiceTests</className>
          <testName>testStops</testName>
          <skipped>false</skipped>
          <failedSince>0</failedSince>
        </case>
        <case>
          <duration>0.001</duration>
          <className>InboxServiceTests</className>
          <testName>testSuspends</testName>
          <skipped>false</skipped>
          <failedSince>0</failedSince>
        </case>
      </cases>
    </suite>
    <suite>
      <file>/Users/Shared/Jenkins/Home/jobs/dwsjoquist testing/workspace/test-reports/TEST-OrderedSetDataSourceTests.xml</file>
      <name>OrderedSetDataSourceTests</name>
      <duration>0.0050000004</duration>
      <timestamp>2016-02-04 09:12:27 -0800</timestamp>
      <cases>
        <case>
          <duration>0.001</duration>
          <className>OrderedSetDataSourceTests</className>
          <testName>testContains</testName>
          <skipped>false</skipped>
          <failedSince>0</failedSince>
        </case>
        <case>
          <duration>0.0</duration>
          <className>OrderedSetDataSourceTests</className>
          <testName>testCountOfObjects</testName>
          <skipped>false</skipped>
          <failedSince>0</failedSince>
        </case>
        <case>
          <duration>0.0</duration>
          <className>OrderedSetDataSourceTests</className>
          <testName>testCountOfSections</testName>
          <skipped>false</skipped>
          <failedSince>0</failedSince>
        </case>
        <case>
          <duration>0.0</duration>
          <className>OrderedSetDataSourceTests</className>
          <testName>testIndexPathForObject</testName>
          <skipped>false</skipped>
          <failedSince>0</failedSince>
        </case>
        <case>
          <duration>0.0</duration>
          <className>OrderedSetDataSourceTests</className>
          <testName>testIndexPathForObjectWithFilter</testName>
          <skipped>false</skipped>
          <failedSince>0</failedSince>
        </case>
        <case>
          <duration>0.0</duration>
          <className>OrderedSetDataSourceTests</className>
          <testName>testIndexPathForObjectWithSort</testName>
          <skipped>false</skipped>
          <failedSince>0</failedSince>
        </case>
        <case>
          <duration>0.0</duration>
          <className>OrderedSetDataSourceTests</className>
          <testName>testInsertObject</testName>
          <skipped>false</skipped>
          <failedSince>0</failedSince>
        </case>
        <case>
          <duration>0.0</duration>
          <className>OrderedSetDataSourceTests</className>
          <testName>testInsertObjectAtIndexPath</testName>
          <skipped>false</skipped>
          <failedSince>0</failedSince>
        </case>
        <case>
          <duration>0.0</duration>
          <className>OrderedSetDataSourceTests</className>
          <testName>testInsertObjectAtIndexPathWithFilter</testName>
          <skipped>false</skipped>
          <failedSince>0</failedSince>
        </case>
        <case>
          <duration>0.0</duration>
          <className>OrderedSetDataSourceTests</className>
          <testName>testInsertObjectAtIndexPathWithSort</testName>
          <skipped>false</skipped>
          <failedSince>0</failedSince>
        </case>
        <case>
          <duration>0.0</duration>
          <className>OrderedSetDataSourceTests</className>
          <testName>testInsertObjects</testName>
          <skipped>false</skipped>
          <failedSince>0</failedSince>
        </case>
        <case>
          <duration>0.003</duration>
          <className>OrderedSetDataSourceTests</className>
          <testName>testInsertObjectsWithFilter</testName>
          <skipped>false</skipped>
          <failedSince>0</failedSince>
        </case>
        <case>
          <duration>0.0</duration>
          <className>OrderedSetDataSourceTests</className>
          <testName>testInsertObjectsWithSort</testName>
          <skipped>false</skipped>
          <failedSince>0</failedSince>
        </case>
        <case>
          <duration>0.0</duration>
          <className>OrderedSetDataSourceTests</className>
          <testName>testInsertObjectWithFilter</testName>
          <skipped>false</skipped>
          <failedSince>0</failedSince>
        </case>
        <case>
          <duration>0.0</duration>
          <className>OrderedSetDataSourceTests</className>
          <testName>testInsertObjectWithSort</testName>
          <skipped>false</skipped>
          <failedSince>0</failedSince>
        </case>
        <case>
          <duration>0.0</duration>
          <className>OrderedSetDataSourceTests</className>
          <testName>testObjectAtIndexPath</testName>
          <skipped>false</skipped>
          <failedSince>0</failedSince>
        </case>
        <case>
          <duration>0.0</duration>
          <className>OrderedSetDataSourceTests</className>
          <testName>testObjectAtIndexPathWithFilter</testName>
          <skipped>false</skipped>
          <failedSince>0</failedSince>
        </case>
        <case>
          <duration>0.0</duration>
          <className>OrderedSetDataSourceTests</className>
          <testName>testObjectAtIndexPathWithSort</testName>
          <skipped>false</skipped>
          <failedSince>0</failedSince>
        </case>
        <case>
          <duration>0.0</duration>
          <className>OrderedSetDataSourceTests</className>
          <testName>testRemoveObject</testName>
          <skipped>false</skipped>
          <failedSince>0</failedSince>
        </case>
        <case>
          <duration>0.0</duration>
          <className>OrderedSetDataSourceTests</className>
          <testName>testRemoveObjectAtIndexPath</testName>
          <skipped>false</skipped>
          <failedSince>0</failedSince>
        </case>
        <case>
          <duration>0.001</duration>
          <className>OrderedSetDataSourceTests</className>
          <testName>testRemoveObjectAtIndexPathWithFilter</testName>
          <skipped>false</skipped>
          <failedSince>0</failedSince>
        </case>
        <case>
          <duration>0.0</duration>
          <className>OrderedSetDataSourceTests</className>
          <testName>testRemoveObjectAtIndexPathWithSort</testName>
          <skipped>false</skipped>
          <failedSince>0</failedSince>
        </case>
        <case>
          <duration>0.0</duration>
          <className>OrderedSetDataSourceTests</className>
          <testName>testRemoveObjectWithFilter</testName>
          <skipped>false</skipped>
          <failedSince>0</failedSince>
        </case>
        <case>
          <duration>0.0</duration>
          <className>OrderedSetDataSourceTests</className>
          <testName>testRemoveObjectWithSort</testName>
          <skipped>false</skipped>
          <failedSince>0</failedSince>
        </case>
        <case>
          <duration>0.0</duration>
          <className>OrderedSetDataSourceTests</className>
          <testName>testReplaceObjectAtIndexPath</testName>
          <skipped>false</skipped>
          <failedSince>0</failedSince>
        </case>
        <case>
          <duration>0.0</duration>
          <className>OrderedSetDataSourceTests</className>
          <testName>testReplaceObjectAtIndexPathWithFilter</testName>
          <skipped>false</skipped>
          <failedSince>0</failedSince>
        </case>
        <case>
          <duration>0.0</duration>
          <className>OrderedSetDataSourceTests</className>
          <testName>testReplaceObjectAtIndexPathWithSort</testName>
          <skipped>false</skipped>
          <failedSince>0</failedSince>
        </case>
        <case>
          <duration>0.0</duration>
          <className>OrderedSetDataSourceTests</className>
          <testName>testSetContent</testName>
          <skipped>false</skipped>
          <failedSince>0</failedSince>
        </case>
        <case>
          <duration>0.0</duration>
          <className>OrderedSetDataSourceTests</className>
          <testName>testSetContentWithFilter</testName>
          <skipped>false</skipped>
          <failedSince>0</failedSince>
        </case>
        <case>
          <duration>0.0</duration>
          <className>OrderedSetDataSourceTests</className>
          <testName>testSetContentWithSort</testName>
          <skipped>false</skipped>
          <failedSince>0</failedSince>
        </case>
      </cases>
    </suite>
    <suite>
      <file>/Users/Shared/Jenkins/Home/jobs/dwsjoquist testing/workspace/test-reports/TEST-RemoteMethodInvocationQueueTests.xml</file>
      <name>RemoteMethodInvocationQueueTests</name>
      <duration>0.003</duration>
      <timestamp>2016-02-04 09:12:27 -0800</timestamp>
      <cases>
        <case>
          <duration>0.0</duration>
          <className>RemoteMethodInvocationQueueTests</className>
          <testName>testInitialValues</testName>
          <skipped>false</skipped>
          <failedSince>0</failedSince>
        </case>
        <case>
          <duration>0.001</duration>
          <className>RemoteMethodInvocationQueueTests</className>
          <testName>testInvocationFor_duplicateEntries</testName>
          <skipped>false</skipped>
          <failedSince>0</failedSince>
        </case>
        <case>
          <duration>0.001</duration>
          <className>RemoteMethodInvocationQueueTests</className>
          <testName>testInvocationFor_noMatch</testName>
          <skipped>false</skipped>
          <failedSince>0</failedSince>
        </case>
        <case>
          <duration>0.001</duration>
          <className>RemoteMethodInvocationQueueTests</className>
          <testName>testInvocationFor_singleEntry</testName>
          <skipped>false</skipped>
          <failedSince>0</failedSince>
        </case>
      </cases>
    </suite>
    <suite>
      <file>/Users/Shared/Jenkins/Home/jobs/dwsjoquist testing/workspace/test-reports/TEST-RemoteMethodTests.xml</file>
      <name>RemoteMethodTests</name>
      <duration>0.0</duration>
      <timestamp>2016-02-04 09:12:27 -0800</timestamp>
      <cases>
        <case>
          <duration>0.0</duration>
          <className>RemoteMethodTests</className>
          <testName>testEquals</testName>
          <skipped>false</skipped>
          <failedSince>0</failedSince>
        </case>
        <case>
          <duration>0.0</duration>
          <className>RemoteMethodTests</className>
          <testName>testInvoke</testName>
          <skipped>false</skipped>
          <failedSince>0</failedSince>
        </case>
      </cases>
    </suite>
    <suite>
      <file>/Users/Shared/Jenkins/Home/jobs/dwsjoquist testing/workspace/test-reports/TEST-RemoteObjectContextTests.xml</file>
      <name>RemoteObjectContextTests</name>
      <duration>2.19</duration>
      <timestamp>2016-02-04 09:12:29 -0800</timestamp>
      <cases>
        <case>
          <duration>1.093</duration>
          <className>RemoteObjectContextTests</className>
          <testName>testMultipleRemoteDispatch</testName>
          <skipped>false</skipped>
          <failedSince>0</failedSince>
        </case>
        <case>
          <duration>1.097</duration>
          <className>RemoteObjectContextTests</className>
          <testName>testSingleRemoteDispatch</testName>
          <skipped>false</skipped>
          <failedSince>0</failedSince>
        </case>
      </cases>
    </suite>
    <suite>
      <file>/Users/Shared/Jenkins/Home/jobs/dwsjoquist testing/workspace/test-reports/TEST-SDBannerLayoutTests.xml</file>
      <name>SDBannerLayoutTests</name>
      <duration>0.003</duration>
      <timestamp>2016-02-04 09:12:33 -0800</timestamp>
      <cases>
        <case>
          <duration>0.003</duration>
          <className>SDBannerLayoutTests</className>
          <testName>testFillWithSingleWidthItems</testName>
          <skipped>false</skipped>
          <failedSince>0</failedSince>
        </case>
        <case>
          <duration>0.0</duration>
          <className>SDBannerLayoutTests</className>
          <testName>testFramePlacement</testName>
          <skipped>false</skipped>
          <failedSince>0</failedSince>
        </case>
        <case>
          <duration>0.0</duration>
          <className>SDBannerLayoutTests</className>
          <testName>testInteritemSpacing</testName>
          <skipped>false</skipped>
          <failedSince>0</failedSince>
        </case>
        <case>
          <duration>0.0</duration>
          <className>SDBannerLayoutTests</className>
          <testName>testMemset</testName>
          <skipped>false</skipped>
          <failedSince>0</failedSince>
        </case>
        <case>
          <duration>0.0</duration>
          <className>SDBannerLayoutTests</className>
          <testName>testNumberOfBlocks</testName>
          <skipped>false</skipped>
          <failedSince>0</failedSince>
        </case>
        <case>
          <duration>0.0</duration>
          <className>SDBannerLayoutTests</className>
          <testName>testPlaceSingleColumnItems</testName>
          <skipped>false</skipped>
          <failedSince>0</failedSince>
        </case>
      </cases>
    </suite>
    <suite>
      <file>/Users/Shared/Jenkins/Home/jobs/dwsjoquist testing/workspace/test-reports/TEST-SchemaTests.xml</file>
      <name>SchemaTests</name>
      <duration>2.9429998</duration>
      <timestamp>2016-02-04 09:12:32 -0800</timestamp>
      <cases>
        <case>
          <duration>0.003</duration>
          <className>SchemaTests</className>
          <testName>testDecodeOptionalStructAllValuesNoErrors</testName>
          <skipped>false</skipped>
          <failedSince>0</failedSince>
        </case>
        <case>
          <duration>0.0</duration>
          <className>SchemaTests</className>
          <testName>testDecodeOptionalStructNoValueNoErrors</testName>
          <skipped>false</skipped>
          <failedSince>0</failedSince>
        </case>
        <case>
          <duration>0.0</duration>
          <className>SchemaTests</className>
          <testName>testDecodeOptionalStructNullValueNoErrors</testName>
          <skipped>false</skipped>
          <failedSince>0</failedSince>
        </case>
        <case>
          <duration>0.0</duration>
          <className>SchemaTests</className>
          <testName>testDecodeSimpleEnum1NoErrors</testName>
          <skipped>false</skipped>
          <failedSince>0</failedSince>
        </case>
        <case>
          <duration>0.0</duration>
          <className>SchemaTests</className>
          <testName>testDecodeSimpleEnum2NoErrors</testName>
          <skipped>false</skipped>
          <failedSince>0</failedSince>
        </case>
        <case>
          <duration>0.0</duration>
          <className>SchemaTests</className>
          <testName>testDecodeSimpleEnum3NoErrors</testName>
          <skipped>false</skipped>
          <failedSince>0</failedSince>
        </case>
        <case>
          <duration>0.0</duration>
          <className>SchemaTests</className>
          <testName>testDecodeSimpleEnum4NoErrors</testName>
          <skipped>false</skipped>
          <failedSince>0</failedSince>
        </case>
        <case>
          <duration>0.0</duration>
          <className>SchemaTests</className>
          <testName>testDecodeSimpleEnumTypeMismatch</testName>
          <skipped>false</skipped>
          <failedSince>0</failedSince>
        </case>
        <case>
          <duration>0.0</duration>
          <className>SchemaTests</className>
          <testName>testDecodeSimpleStructFailTypeMismatch</testName>
          <skipped>false</skipped>
          <failedSince>0</failedSince>
        </case>
        <case>
          <duration>0.0</duration>
          <className>SchemaTests</className>
          <testName>testDecodeSimpleStructNoErrors</testName>
          <skipped>false</skipped>
          <failedSince>0</failedSince>
        </case>
        <case>
          <duration>0.377</duration>
          <className>SchemaTests</className>
          <testName>testSDMapTaxonomyDecode</testName>
          <skipped>false</skipped>
          <failedSince>0</failedSince>
        </case>
        <case>
          <duration>2.563</duration>
          <className>SchemaTests</className>
          <testName>testSwiftTaxonomyDecode</testName>
          <skipped>false</skipped>
          <failedSince>0</failedSince>
        </case>
      </cases>
    </suite>
    <suite>
      <file>/Users/Shared/Jenkins/Home/jobs/dwsjoquist testing/workspace/test-reports/TEST-TestASDABookSlotResponse.xml</file>
      <name>TestASDABookSlotResponse</name>
      <duration>0.010000001</duration>
      <timestamp>2016-02-04 09:12:33 -0800</timestamp>
      <cases>
        <case>
          <duration>0.001</duration>
          <className>TestASDABookSlotResponse</className>
          <testName>testParseBookedUntilTime_invalidAMPM</testName>
          <skipped>false</skipped>
          <failedSince>0</failedSince>
        </case>
        <case>
          <duration>0.001</duration>
          <className>TestASDABookSlotResponse</className>
          <testName>testParseBookedUntilTime_invalidDay</testName>
          <skipped>false</skipped>
          <failedSince>0</failedSince>
        </case>
        <case>
          <duration>0.001</duration>
          <className>TestASDABookSlotResponse</className>
          <testName>testParseBookedUntilTime_invalidTextA</testName>
          <skipped>false</skipped>
          <failedSince>0</failedSince>
        </case>
        <case>
          <duration>0.001</duration>
          <className>TestASDABookSlotResponse</className>
          <testName>testParseBookedUntilTime_invalidTextB</testName>
          <skipped>false</skipped>
          <failedSince>0</failedSince>
        </case>
        <case>
          <duration>0.001</duration>
          <className>TestASDABookSlotResponse</className>
          <testName>testParseBookedUntilTime_invalidTime</testName>
          <skipped>false</skipped>
          <failedSince>0</failedSince>
        </case>
        <case>
          <duration>0.001</duration>
          <className>TestASDABookSlotResponse</className>
          <testName>testParseBookedUntilTime_nil</testName>
          <skipped>false</skipped>
          <failedSince>0</failedSince>
        </case>
        <case>
          <duration>0.001</duration>
          <className>TestASDABookSlotResponse</className>
          <testName>testParseBookedUntilTime_todayAM</testName>
          <skipped>false</skipped>
          <failedSince>0</failedSince>
        </case>
        <case>
          <duration>0.001</duration>
          <className>TestASDABookSlotResponse</className>
          <testName>testParseBookedUntilTime_todayPM</testName>
          <skipped>false</skipped>
          <failedSince>0</failedSince>
        </case>
        <case>
          <duration>0.001</duration>
          <className>TestASDABookSlotResponse</className>
          <testName>testParseBookedUntilTime_tomorrowAM</testName>
          <skipped>false</skipped>
          <failedSince>0</failedSince>
        </case>
        <case>
          <duration>0.001</duration>
          <className>TestASDABookSlotResponse</className>
          <testName>testParseBookedUntilTime_tomorrowPM</testName>
          <skipped>false</skipped>
          <failedSince>0</failedSince>
        </case>
      </cases>
    </suite>
    <suite>
      <file>/Users/Shared/Jenkins/Home/jobs/dwsjoquist testing/workspace/test-reports/TEST-TestASDAScanReceiptScannerBaseViewController.xml</file>
      <name>TestASDAScanReceiptScannerBaseViewController</name>
      <duration>0.004</duration>
      <timestamp>2016-02-04 09:12:33 -0800</timestamp>
      <cases>
        <case>
          <duration>0.002</duration>
          <className>TestASDAScanReceiptScannerBaseViewController</className>
          <testName>testCode39_Receipt</testName>
          <skipped>false</skipped>
          <failedSince>0</failedSince>
        </case>
        <case>
          <duration>0.001</duration>
          <className>TestASDAScanReceiptScannerBaseViewController</className>
          <testName>testCode39_Receipt1</testName>
          <skipped>false</skipped>
          <failedSince>0</failedSince>
        </case>
        <case>
          <duration>0.001</duration>
          <className>TestASDAScanReceiptScannerBaseViewController</className>
          <testName>testCode39_Receipt2</testName>
          <skipped>false</skipped>
          <failedSince>0</failedSince>
        </case>
      </cases>
    </suite>
    <suite>
      <file>/Users/Shared/Jenkins/Home/jobs/dwsjoquist testing/workspace/test-reports/TEST-TestASDAWebServiceCookies.xml</file>
      <name>TestASDAWebServiceCookies</name>
      <duration>0.010000001</duration>
      <timestamp>2016-02-04 09:12:32 -0800</timestamp>
      <cases>
        <case>
          <duration>0.002</duration>
          <className>TestASDAWebServiceCookies</className>
          <testName>test_DCENV_nil</testName>
          <skipped>false</skipped>
          <failedSince>0</failedSince>
        </case>
        <case>
          <duration>0.005</duration>
          <className>TestASDAWebServiceCookies</className>
          <testName>test_DCENV_notNil</testName>
          <skipped>false</skipped>
          <failedSince>0</failedSince>
        </case>
        <case>
          <duration>0.001</duration>
          <className>TestASDAWebServiceCookies</className>
          <testName>testBasicBuildRequest</testName>
          <skipped>false</skipped>
          <failedSince>0</failedSince>
        </case>
        <case>
          <duration>0.001</duration>
          <className>TestASDAWebServiceCookies</className>
          <testName>testSetCookiesWithSetSessionIDisFalse</testName>
          <skipped>false</skipped>
          <failedSince>0</failedSince>
        </case>
        <case>
          <duration>0.001</duration>
          <className>TestASDAWebServiceCookies</className>
          <testName>testSetCookiesWithSetSessionIDisTrue</testName>
          <skipped>false</skipped>
          <failedSince>0</failedSince>
        </case>
      </cases>
    </suite>
    <suite>
      <file>/Users/Shared/Jenkins/Home/jobs/dwsjoquist testing/workspace/test-reports/TEST-TestASDAWebServices_startupRequestQueue.xml</file>
      <name>TestASDAWebServices_startupRequestQueue</name>
      <duration>0.0</duration>
      <timestamp>2016-02-04 09:12:33 -0800</timestamp>
      <cases>
        <case>
          <duration>0.0</duration>
          <className>TestASDAWebServices_startupRequestQueue</className>
          <testName>testInitialState</testName>
          <skipped>false</skipped>
          <failedSince>0</failedSince>
        </case>
        <case>
          <duration>0.0</duration>
          <className>TestASDAWebServices_startupRequestQueue</className>
          <testName>testMixedServicesAfterSettingUseStartupRequestQueue</testName>
          <skipped>false</skipped>
          <failedSince>0</failedSince>
        </case>
        <case>
          <duration>0.0</duration>
          <className>TestASDAWebServices_startupRequestQueue</className>
          <testName>testMixedServicesBeforeSettingUseStartupRequestQueue</testName>
          <skipped>false</skipped>
          <failedSince>0</failedSince>
        </case>
        <case>
          <duration>0.0</duration>
          <className>TestASDAWebServices_startupRequestQueue</className>
          <testName>testMixedServicesResetUseStartupRequestQueue</testName>
          <skipped>false</skipped>
          <failedSince>0</failedSince>
        </case>
        <case>
          <duration>0.0</duration>
          <className>TestASDAWebServices_startupRequestQueue</className>
          <testName>testSetUseStartupRequestQueue</testName>
          <skipped>false</skipped>
          <failedSince>0</failedSince>
        </case>
      </cases>
    </suite>
    <suite>
      <file>/Users/Shared/Jenkins/Home/jobs/dwsjoquist testing/workspace/test-reports/TEST-TestAddressAddResponse.xml</file>
      <name>TestAddressAddResponse</name>
      <duration>0.008</duration>
      <timestamp>2016-02-04 09:12:33 -0800</timestamp>
      <cases>
        <case>
          <duration>0.008</duration>
          <className>TestAddressAddResponse</className>
          <testName>testDataObjectIsNotNilAndProperType</testName>
          <skipped>false</skipped>
          <failedSince>0</failedSince>
        </case>
      </cases>
    </suite>
    <suite>
      <file>/Users/Shared/Jenkins/Home/jobs/dwsjoquist testing/workspace/test-reports/TEST-TestAddressEditResponse.xml</file>
      <name>TestAddressEditResponse</name>
      <duration>0.002</duration>
      <timestamp>2016-02-04 09:12:33 -0800</timestamp>
      <cases>
        <case>
          <duration>0.002</duration>
          <className>TestAddressEditResponse</className>
          <testName>testDataObjectIsNotNilAndProperType</testName>
          <skipped>false</skipped>
          <failedSince>0</failedSince>
        </case>
      </cases>
    </suite>
    <suite>
      <file>/Users/Shared/Jenkins/Home/jobs/dwsjoquist testing/workspace/test-reports/TEST-TestAddressPostcodeResponse.xml</file>
      <name>TestAddressPostcodeResponse</name>
      <duration>0.003</duration>
      <timestamp>2016-02-04 09:12:33 -0800</timestamp>
      <cases>
        <case>
          <duration>0.003</duration>
          <className>TestAddressPostcodeResponse</className>
          <testName>testDataObjectIsNotNilAndProperType</testName>
          <skipped>false</skipped>
          <failedSince>0</failedSince>
        </case>
      </cases>
    </suite>
    <suite>
      <file>/Users/Shared/Jenkins/Home/jobs/dwsjoquist testing/workspace/test-reports/TEST-TestAddressViewResponse.xml</file>
      <name>TestAddressViewResponse</name>
      <duration>0.002</duration>
      <timestamp>2016-02-04 09:12:33 -0800</timestamp>
      <cases>
        <case>
          <duration>0.002</duration>
          <className>TestAddressViewResponse</className>
          <testName>testDataObjectIsNotNilAndProperType</testName>
          <skipped>false</skipped>
          <failedSince>0</failedSince>
        </case>
      </cases>
    </suite>
    <suite>
      <file>/Users/Shared/Jenkins/Home/jobs/dwsjoquist testing/workspace/test-reports/TEST-TestCreditCardListResponse.xml</file>
      <name>TestCreditCardListResponse</name>
      <duration>0.003</duration>
      <timestamp>2016-02-04 09:12:33 -0800</timestamp>
      <cases>
        <case>
          <duration>0.003</duration>
          <className>TestCreditCardListResponse</className>
          <testName>testDataObjectIsNotNilAndProperType</testName>
          <skipped>false</skipped>
          <failedSince>0</failedSince>
        </case>
      </cases>
    </suite>
    <suite>
      <file>/Users/Shared/Jenkins/Home/jobs/dwsjoquist testing/workspace/test-reports/TEST-TestCreditCardMakeMainResponse.xml</file>
      <name>TestCreditCardMakeMainResponse</name>
      <duration>0.002</duration>
      <timestamp>2016-02-04 09:12:33 -0800</timestamp>
      <cases>
        <case>
          <duration>0.002</duration>
          <className>TestCreditCardMakeMainResponse</className>
          <testName>testDataObjectIsNotNilAndProperType</testName>
          <skipped>false</skipped>
          <failedSince>0</failedSince>
        </case>
      </cases>
    </suite>
    <suite>
      <file>/Users/Shared/Jenkins/Home/jobs/dwsjoquist testing/workspace/test-reports/TEST-TestCreditCardRemoveResponse.xml</file>
      <name>TestCreditCardRemoveResponse</name>
      <duration>0.002</duration>
      <timestamp>2016-02-04 09:12:33 -0800</timestamp>
      <cases>
        <case>
          <duration>0.002</duration>
          <className>TestCreditCardRemoveResponse</className>
          <testName>testDataObjectIsNotNilAndProperType</testName>
          <skipped>false</skipped>
          <failedSince>0</failedSince>
        </case>
      </cases>
    </suite>
    <suite>
      <file>/Users/Shared/Jenkins/Home/jobs/dwsjoquist testing/workspace/test-reports/TEST-TestCreditCardViewResponse.xml</file>
      <name>TestCreditCardViewResponse</name>
      <duration>0.002</duration>
      <timestamp>2016-02-04 09:12:33 -0800</timestamp>
      <cases>
        <case>
          <duration>0.002</duration>
          <className>TestCreditCardViewResponse</className>
          <testName>testDataObjectIsNotNilAndProperType</testName>
          <skipped>false</skipped>
          <failedSince>0</failedSince>
        </case>
      </cases>
    </suite>
    <suite>
      <file>/Users/Shared/Jenkins/Home/jobs/dwsjoquist testing/workspace/test-reports/TEST-TestDeliveryPassListResponses.xml</file>
      <name>TestDeliveryPassListResponses</name>
      <duration>0.002</duration>
      <timestamp>2016-02-04 09:12:33 -0800</timestamp>
      <cases>
        <case>
          <duration>0.002</duration>
          <className>TestDeliveryPassListResponses</className>
          <testName>testDataObjectIsNotNilAndProperType</testName>
          <skipped>false</skipped>
          <failedSince>0</failedSince>
        </case>
      </cases>
    </suite>
    <suite>
      <file>/Users/Shared/Jenkins/Home/jobs/dwsjoquist testing/workspace/test-reports/TEST-TestDeliveryPassPurchase.xml</file>
      <name>TestDeliveryPassPurchase</name>
      <duration>0.002</duration>
      <timestamp>2016-02-04 09:12:33 -0800</timestamp>
      <cases>
        <case>
          <duration>0.002</duration>
          <className>TestDeliveryPassPurchase</className>
          <testName>testDataObjectIsNotNilAndProperType</testName>
          <skipped>false</skipped>
          <failedSince>0</failedSince>
        </case>
      </cases>
    </suite>
    <suite>
      <file>/Users/Shared/Jenkins/Home/jobs/dwsjoquist testing/workspace/test-reports/TEST-TestDeliveryPassSubmit3DSResponse.xml</file>
      <name>TestDeliveryPassSubmit3DSResponse</name>
      <duration>0.002</duration>
      <timestamp>2016-02-04 09:12:33 -0800</timestamp>
      <cases>
        <case>
          <duration>0.002</duration>
          <className>TestDeliveryPassSubmit3DSResponse</className>
          <testName>testDataObjectIsNotNilAndProperType</testName>
          <skipped>false</skipped>
          <failedSince>0</failedSince>
        </case>
      </cases>
    </suite>
    <suite>
      <file>/Users/Shared/Jenkins/Home/jobs/dwsjoquist testing/workspace/test-reports/TEST-TestDeliveryPassSubmitResponse.xml</file>
      <name>TestDeliveryPassSubmitResponse</name>
      <duration>0.002</duration>
      <timestamp>2016-02-04 09:12:33 -0800</timestamp>
      <cases>
        <case>
          <duration>0.002</duration>
          <className>TestDeliveryPassSubmitResponse</className>
          <testName>testDataObjectIsNotNilAndProperType</testName>
          <skipped>false</skipped>
          <failedSince>0</failedSince>
        </case>
      </cases>
    </suite>
    <suite>
      <file>/Users/Shared/Jenkins/Home/jobs/dwsjoquist testing/workspace/test-reports/TEST-TestFavouritesItemsServiceResponseNotNil.xml</file>
      <name>TestFavouritesItemsServiceResponseNotNil</name>
      <duration>0.003</duration>
      <timestamp>2016-02-04 09:12:33 -0800</timestamp>
      <cases>
        <case>
          <duration>0.003</duration>
          <className>TestFavouritesItemsServiceResponseNotNil</className>
          <testName>testDataObjectIsNotNilAndProperType</testName>
          <skipped>false</skipped>
          <failedSince>0</failedSince>
        </case>
      </cases>
    </suite>
    <suite>
      <file>/Users/Shared/Jenkins/Home/jobs/dwsjoquist testing/workspace/test-reports/TEST-TestFavouritesServiceResponseNotNil.xml</file>
      <name>TestFavouritesServiceResponseNotNil</name>
      <duration>0.014</duration>
      <timestamp>2016-02-04 09:12:33 -0800</timestamp>
      <cases>
        <case>
          <duration>0.014</duration>
          <className>TestFavouritesServiceResponseNotNil</className>
          <testName>testDataObjectIsNotNilAndProperType</testName>
          <skipped>false</skipped>
          <failedSince>0</failedSince>
        </case>
      </cases>
    </suite>
    <suite>
      <file>/Users/Shared/Jenkins/Home/jobs/dwsjoquist testing/workspace/test-reports/TEST-TestItemSearchResponse.xml</file>
      <name>TestItemSearchResponse</name>
      <duration>0.015</duration>
      <timestamp>2016-02-04 09:12:33 -0800</timestamp>
      <cases>
        <case>
          <duration>0.015</duration>
          <className>TestItemSearchResponse</className>
          <testName>testDataObjectIsNotNilAndProperType</testName>
          <skipped>false</skipped>
          <failedSince>0</failedSince>
        </case>
      </cases>
    </suite>
    <suite>
      <file>/Users/Shared/Jenkins/Home/jobs/dwsjoquist testing/workspace/test-reports/TEST-TestItemViewListResponse.xml</file>
      <name>TestItemViewListResponse</name>
      <duration>0.018</duration>
      <timestamp>2016-02-04 09:12:33 -0800</timestamp>
      <cases>
        <case>
          <duration>0.018</duration>
          <className>TestItemViewListResponse</className>
          <testName>testDataObjectIsNotNilAndProperType</testName>
          <skipped>false</skipped>
          <failedSince>0</failedSince>
        </case>
      </cases>
    </suite>
    <suite>
      <file>/Users/Shared/Jenkins/Home/jobs/dwsjoquist testing/workspace/test-reports/TEST-TestItemViewResponse.xml</file>
      <name>TestItemViewResponse</name>
      <duration>0.006</duration>
      <timestamp>2016-02-04 09:12:33 -0800</timestamp>
      <cases>
        <case>
          <duration>0.006</duration>
          <className>TestItemViewResponse</className>
          <testName>testDataObjectIsNotNilAndProperType</testName>
          <skipped>false</skipped>
          <failedSince>0</failedSince>
        </case>
      </cases>
    </suite>
    <suite>
      <file>/Users/Shared/Jenkins/Home/jobs/dwsjoquist testing/workspace/test-reports/TEST-TestItemsResponse.xml</file>
      <name>TestItemsResponse</name>
      <duration>0.01</duration>
      <timestamp>2016-02-04 09:12:33 -0800</timestamp>
      <cases>
        <case>
          <duration>0.01</duration>
          <className>TestItemsResponse</className>
          <testName>testDataObjectIsNotNilAndProperType</testName>
          <skipped>false</skipped>
          <failedSince>0</failedSince>
        </case>
      </cases>
    </suite>
    <suite>
      <file>/Users/Shared/Jenkins/Home/jobs/dwsjoquist testing/workspace/test-reports/TEST-TestItemsServiceReturnsAProductForOneItemIDRequest.xml</file>
      <name>TestItemsServiceReturnsAProductForOneItemIDRequest</name>
      <duration>0.006</duration>
      <timestamp>2016-02-04 09:12:33 -0800</timestamp>
      <cases>
        <case>
          <duration>0.006</duration>
          <className>TestItemsServiceReturnsAProductForOneItemIDRequest</className>
          <testName>testDataObjectIsNotNilAndProperType</testName>
          <skipped>false</skipped>
          <failedSince>0</failedSince>
        </case>
      </cases>
    </suite>
    <suite>
      <file>/Users/Shared/Jenkins/Home/jobs/dwsjoquist testing/workspace/test-reports/TEST-TestItemsServiceReturnsAProductWithDetailsFromOneItemIDRequest.xml</file>
      <name>TestItemsServiceReturnsAProductWithDetailsFromOneItemIDRequest</name>
      <duration>0.022</duration>
      <timestamp>2016-02-04 09:12:33 -0800</timestamp>
      <cases>
        <case>
          <duration>0.022</duration>
          <className>TestItemsServiceReturnsAProductWithDetailsFromOneItemIDRequest</className>
          <testName>testDataObjectIsNotNilAndProperType</testName>
          <skipped>false</skipped>
          <failedSince>0</failedSince>
        </case>
      </cases>
    </suite>
    <suite>
      <file>/Users/Shared/Jenkins/Home/jobs/dwsjoquist testing/workspace/test-reports/TEST-TestLoadCategoriesServiceResponse.xml</file>
      <name>TestLoadCategoriesServiceResponse</name>
      <duration>0.006</duration>
      <timestamp>2016-02-04 09:12:33 -0800</timestamp>
      <cases>
        <case>
          <duration>0.006</duration>
          <className>TestLoadCategoriesServiceResponse</className>
          <testName>testDataObjectIsNotNilAndProperType</testName>
          <skipped>false</skipped>
          <failedSince>0</failedSince>
        </case>
      </cases>
    </suite>
    <suite>
      <file>/Users/Shared/Jenkins/Home/jobs/dwsjoquist testing/workspace/test-reports/TEST-TestOrderAmendResponse.xml</file>
      <name>TestOrderAmendResponse</name>
      <duration>0.004</duration>
      <timestamp>2016-02-04 09:12:33 -0800</timestamp>
      <cases>
        <case>
          <duration>0.004</duration>
          <className>TestOrderAmendResponse</className>
          <testName>testDataObjectIsNotNilAndProperType</testName>
          <skipped>false</skipped>
          <failedSince>0</failedSince>
        </case>
      </cases>
    </suite>
    <suite>
      <file>/Users/Shared/Jenkins/Home/jobs/dwsjoquist testing/workspace/test-reports/TEST-TestOrderCancelResponse.xml</file>
      <name>TestOrderCancelResponse</name>
      <duration>0.005</duration>
      <timestamp>2016-02-04 09:12:33 -0800</timestamp>
      <cases>
        <case>
          <duration>0.005</duration>
          <className>TestOrderCancelResponse</className>
          <testName>testDataObjectIsNotNilAndProperType</testName>
          <skipped>false</skipped>
          <failedSince>0</failedSince>
        </case>
      </cases>
    </suite>
    <suite>
      <file>/Users/Shared/Jenkins/Home/jobs/dwsjoquist testing/workspace/test-reports/TEST-TestOrderPreviewAmendResponse.xml</file>
      <name>TestOrderPreviewAmendResponse</name>
      <duration>0.016</duration>
      <timestamp>2016-02-04 09:12:33 -0800</timestamp>
      <cases>
        <case>
          <duration>0.016</duration>
          <className>TestOrderPreviewAmendResponse</className>
          <testName>testDataObjectIsNotNilAndProperType</testName>
          <skipped>false</skipped>
          <failedSince>0</failedSince>
        </case>
      </cases>
    </suite>
    <suite>
      <file>/Users/Shared/Jenkins/Home/jobs/dwsjoquist testing/workspace/test-reports/TEST-TestOrderViewByDateResponse.xml</file>
      <name>TestOrderViewByDateResponse</name>
      <duration>0.002</duration>
      <timestamp>2016-02-04 09:12:33 -0800</timestamp>
      <cases>
        <case>
          <duration>0.002</duration>
          <className>TestOrderViewByDateResponse</className>
          <testName>testDataObjectIsNotNilAndProperType</testName>
          <skipped>false</skipped>
          <failedSince>0</failedSince>
        </case>
      </cases>
    </suite>
    <suite>
      <file>/Users/Shared/Jenkins/Home/jobs/dwsjoquist testing/workspace/test-reports/TEST-TestOrderViewDetailResponse.xml</file>
      <name>TestOrderViewDetailResponse</name>
      <duration>0.009</duration>
      <timestamp>2016-02-04 09:12:33 -0800</timestamp>
      <cases>
        <case>
          <duration>0.009</duration>
          <className>TestOrderViewDetailResponse</className>
          <testName>testDataObjectIsNotNilAndProperType</testName>
          <skipped>false</skipped>
          <failedSince>0</failedSince>
        </case>
      </cases>
    </suite>
    <suite>
      <file>/Users/Shared/Jenkins/Home/jobs/dwsjoquist testing/workspace/test-reports/TEST-TestOrderViewPageResponse.xml</file>
      <name>TestOrderViewPageResponse</name>
      <duration>0.004</duration>
      <timestamp>2016-02-04 09:12:33 -0800</timestamp>
      <cases>
        <case>
          <duration>0.004</duration>
          <className>TestOrderViewPageResponse</className>
          <testName>testDataObjectIsNotNilAndProperType</testName>
          <skipped>false</skipped>
          <failedSince>0</failedSince>
        </case>
      </cases>
    </suite>
    <suite>
      <file>/Users/Shared/Jenkins/Home/jobs/dwsjoquist testing/workspace/test-reports/TEST-TestProductIconCatalogue.xml</file>
      <name>TestProductIconCatalogue</name>
      <duration>0.0</duration>
      <timestamp>2016-02-04 09:12:33 -0800</timestamp>
      <cases>
        <case>
          <duration>0.0</duration>
          <className>TestProductIconCatalogue</className>
          <testName>testCatalogueExists</testName>
          <skipped>false</skipped>
          <failedSince>0</failedSince>
        </case>
      </cases>
    </suite>
    <suite>
      <file>/Users/Shared/Jenkins/Home/jobs/dwsjoquist testing/workspace/test-reports/TEST-TestPromotionServiceResponse.xml</file>
      <name>TestPromotionServiceResponse</name>
      <duration>0.046</duration>
      <timestamp>2016-02-04 09:12:33 -0800</timestamp>
      <cases>
        <case>
          <duration>0.046</duration>
          <className>TestPromotionServiceResponse</className>
          <testName>testDataObjectIsNotNilAndProperType</testName>
          <skipped>false</skipped>
          <failedSince>0</failedSince>
        </case>
      </cases>
    </suite>
    <suite>
      <file>/Users/Shared/Jenkins/Home/jobs/dwsjoquist testing/workspace/test-reports/TEST-TestSlotBookPysipypCheckResponse.xml</file>
      <name>TestSlotBookPysipypCheckResponse</name>
      <duration>0.017</duration>
      <timestamp>2016-02-04 09:12:33 -0800</timestamp>
      <cases>
        <case>
          <duration>0.017</duration>
          <className>TestSlotBookPysipypCheckResponse</className>
          <testName>testDataObjectIsNotNilAndProperType</testName>
          <skipped>false</skipped>
          <failedSince>0</failedSince>
        </case>
      </cases>
    </suite>
    <suite>
      <file>/Users/Shared/Jenkins/Home/jobs/dwsjoquist testing/workspace/test-reports/TEST-TestSlotBookPysipypConfirmResponse.xml</file>
      <name>TestSlotBookPysipypConfirmResponse</name>
      <duration>0.004</duration>
      <timestamp>2016-02-04 09:12:33 -0800</timestamp>
      <cases>
        <case>
          <duration>0.004</duration>
          <className>TestSlotBookPysipypConfirmResponse</className>
          <testName>testDataObjectIsNotNilAndProperType</testName>
          <skipped>false</skipped>
          <failedSince>0</failedSince>
        </case>
      </cases>
    </suite>
    <suite>
      <file>/Users/Shared/Jenkins/Home/jobs/dwsjoquist testing/workspace/test-reports/TEST-TestSlotBookResponse.xml</file>
      <name>TestSlotBookResponse</name>
      <duration>0.003</duration>
      <timestamp>2016-02-04 09:12:33 -0800</timestamp>
      <cases>
        <case>
          <duration>0.003</duration>
          <className>TestSlotBookResponse</className>
          <testName>testDataObjectIsNotNilAndProperType</testName>
          <skipped>false</skipped>
          <failedSince>0</failedSince>
        </case>
      </cases>
    </suite>
    <suite>
      <file>/Users/Shared/Jenkins/Home/jobs/dwsjoquist testing/workspace/test-reports/TEST-TestSlotFindCNCCitiesResponse.xml</file>
      <name>TestSlotFindCNCCitiesResponse</name>
      <duration>0.001</duration>
      <timestamp>2016-02-04 09:12:33 -0800</timestamp>
      <cases>
        <case>
          <duration>0.001</duration>
          <className>TestSlotFindCNCCitiesResponse</className>
          <testName>testDataObjectIsNotNilAndProperType</testName>
          <skipped>false</skipped>
          <failedSince>0</failedSince>
        </case>
      </cases>
    </suite>
    <suite>
      <file>/Users/Shared/Jenkins/Home/jobs/dwsjoquist testing/workspace/test-reports/TEST-TestSlotFindCNCStoresResponse.xml</file>
      <name>TestSlotFindCNCStoresResponse</name>
      <duration>0.001</duration>
      <timestamp>2016-02-04 09:12:33 -0800</timestamp>
      <cases>
        <case>
          <duration>0.001</duration>
          <className>TestSlotFindCNCStoresResponse</className>
          <testName>testDataObjectIsNotNilAndProperType</testName>
          <skipped>false</skipped>
          <failedSince>0</failedSince>
        </case>
      </cases>
    </suite>
    <suite>
      <file>/Users/Shared/Jenkins/Home/jobs/dwsjoquist testing/workspace/test-reports/TEST-TestSlotSelectCNCStoreResponse.xml</file>
      <name>TestSlotSelectCNCStoreResponse</name>
      <duration>0.001</duration>
      <timestamp>2016-02-04 09:12:33 -0800</timestamp>
      <cases>
        <case>
          <duration>0.001</duration>
          <className>TestSlotSelectCNCStoreResponse</className>
          <testName>testDataObjectIsNotNilAndProperType</testName>
          <skipped>false</skipped>
          <failedSince>0</failedSince>
        </case>
      </cases>
    </suite>
    <suite>
      <file>/Users/Shared/Jenkins/Home/jobs/dwsjoquist testing/workspace/test-reports/TEST-TestSlotViewBookedResponse.xml</file>
      <name>TestSlotViewBookedResponse</name>
      <duration>0.005</duration>
      <timestamp>2016-02-04 09:12:33 -0800</timestamp>
      <cases>
        <case>
          <duration>0.005</duration>
          <className>TestSlotViewBookedResponse</className>
          <testName>testDataObjectIsNotNilAndProperType</testName>
          <skipped>false</skipped>
          <failedSince>0</failedSince>
        </case>
      </cases>
    </suite>
    <suite>
      <file>/Users/Shared/Jenkins/Home/jobs/dwsjoquist testing/workspace/test-reports/TEST-TestSlotViewResponse.xml</file>
      <name>TestSlotViewResponse</name>
      <duration>0.004</duration>
      <timestamp>2016-02-04 09:12:33 -0800</timestamp>
      <cases>
        <case>
          <duration>0.004</duration>
          <className>TestSlotViewResponse</className>
          <testName>testDataObjectIsNotNilAndProperType</testName>
          <skipped>false</skipped>
          <failedSince>0</failedSince>
        </case>
      </cases>
    </suite>
    <suite>
      <file>/Users/Shared/Jenkins/Home/jobs/dwsjoquist testing/workspace/test-reports/TEST-TestSpecialOfferServiceResponses.xml</file>
      <name>TestSpecialOfferServiceResponses</name>
      <duration>0.008</duration>
      <timestamp>2016-02-04 09:12:33 -0800</timestamp>
      <cases>
        <case>
          <duration>0.008</duration>
          <className>TestSpecialOfferServiceResponses</className>
          <testName>testDataObjectIsNotNilAndProperType</testName>
          <skipped>false</skipped>
          <failedSince>0</failedSince>
        </case>
      </cases>
    </suite>
    <suite>
      <file>/Users/Shared/Jenkins/Home/jobs/dwsjoquist testing/workspace/test-reports/TEST-TestSuggestionListService.xml</file>
      <name>TestSuggestionListService</name>
      <duration>0.021</duration>
      <timestamp>2016-02-04 09:12:33 -0800</timestamp>
      <cases>
        <case>
          <duration>0.021</duration>
          <className>TestSuggestionListService</className>
          <testName>testDataObjectIsNotNilAndProperType</testName>
          <skipped>false</skipped>
          <failedSince>0</failedSince>
        </case>
      </cases>
    </suite>
    <suite>
      <file>/Users/Shared/Jenkins/Home/jobs/dwsjoquist testing/workspace/test-reports/TEST-TestTaxonomyManagerLoadAllCategoriesError_504.xml</file>
      <name>TestTaxonomyManagerLoadAllCategoriesError_504</name>
      <duration>0.002</duration>
      <timestamp>2016-02-04 09:12:33 -0800</timestamp>
      <cases>
        <case>
          <duration>0.002</duration>
          <className>TestTaxonomyManagerLoadAllCategoriesError_504</className>
          <testName>testCorrectErrorReturned</testName>
          <skipped>false</skipped>
          <failedSince>0</failedSince>
        </case>
      </cases>
    </suite>
    <suite>
      <file>/Users/Shared/Jenkins/Home/jobs/dwsjoquist testing/workspace/test-reports/TEST-TestTrolleyAddUpdateRemove.xml</file>
      <name>TestTrolleyAddUpdateRemove</name>
      <duration>0.22100005</duration>
      <timestamp>2016-02-04 09:12:33 -0800</timestamp>
      <cases>
        <case>
          <duration>0.011</duration>
          <className>TestTrolleyAddUpdateRemove</className>
          <testName>testItemModificationResponsesHaveTrolley</testName>
          <skipped>false</skipped>
          <failedSince>0</failedSince>
        </case>
        <case>
          <duration>0.012</duration>
          <className>TestTrolleyAddUpdateRemove</className>
          <testName>testItemModificationResponseTrolleyBookedUntilTime</testName>
          <skipped>false</skipped>
          <failedSince>0</failedSince>
        </case>
        <case>
          <duration>0.011</duration>
          <className>TestTrolleyAddUpdateRemove</className>
          <testName>testItemModificationResponseTrolleyCarrierBagEligible</testName>
          <skipped>false</skipped>
          <failedSince>0</failedSince>
        </case>
        <case>
          <duration>0.011</duration>
          <className>TestTrolleyAddUpdateRemove</className>
          <testName>testItemModificationResponseTrolleyCarrierBagSelected</testName>
          <skipped>false</skipped>
          <failedSince>0</failedSince>
        </case>
        <case>
          <duration>0.011</duration>
          <className>TestTrolleyAddUpdateRemove</className>
          <testName>testItemModificationResponseTrolleyDeliveryAddress</testName>
          <skipped>false</skipped>
          <failedSince>0</failedSince>
        </case>
        <case>
          <duration>0.01</duration>
          <className>TestTrolleyAddUpdateRemove</className>
          <testName>testItemModificationResponseTrolleyDeliveryOption</testName>
          <skipped>false</skipped>
          <failedSince>0</failedSince>
        </case>
        <case>
          <duration>0.01</duration>
          <className>TestTrolleyAddUpdateRemove</className>
          <testName>testItemModificationResponseTrolleyDeliveryPassApplied</testName>
          <skipped>false</skipped>
          <failedSince>0</failedSince>
        </case>
        <case>
          <duration>0.011</duration>
          <className>TestTrolleyAddUpdateRemove</className>
          <testName>testItemModificationResponseTrolleyDeliveryPrice</testName>
          <skipped>false</skipped>
          <failedSince>0</failedSince>
        </case>
        <case>
          <duration>0.011</duration>
          <className>TestTrolleyAddUpdateRemove</className>
          <testName>testItemModificationResponseTrolleyDeliverySlotEnd</testName>
          <skipped>false</skipped>
          <failedSince>0</failedSince>
        </case>
        <case>
          <duration>0.01</duration>
          <className>TestTrolleyAddUpdateRemove</className>
          <testName>testItemModificationResponseTrolleyDeliverySlotStart</testName>
          <skipped>false</skipped>
          <failedSince>0</failedSince>
        </case>
        <case>
          <duration>0.01</duration>
          <className>TestTrolleyAddUpdateRemove</className>
          <testName>testItemModificationResponseTrolleyItemsArray</testName>
          <skipped>false</skipped>
          <failedSince>0</failedSince>
        </case>
        <case>
          <duration>0.01</duration>
          <className>TestTrolleyAddUpdateRemove</className>
          <testName>testItemModificationResponseTrolleyItemsCost</testName>
          <skipped>false</skipped>
          <failedSince>0</failedSince>
        </case>
        <case>
          <duration>0.01</duration>
          <className>TestTrolleyAddUpdateRemove</className>
          <testName>testItemModificationResponseTrolleyItemsInTrolley</testName>
          <skipped>false</skipped>
          <failedSince>0</failedSince>
        </case>
        <case>
          <duration>0.01</duration>
          <className>TestTrolleyAddUpdateRemove</className>
          <testName>testItemModificationResponseTrolleyMinOrderValue</testName>
          <skipped>false</skipped>
          <failedSince>0</failedSince>
        </case>
        <case>
          <duration>0.011</duration>
          <className>TestTrolleyAddUpdateRemove</className>
          <testName>testItemModificationResponseTrolleyNumberOfItems</testName>
          <skipped>false</skipped>
          <failedSince>0</failedSince>
        </case>
        <case>
          <duration>0.01</duration>
          <className>TestTrolleyAddUpdateRemove</className>
          <testName>testItemModificationResponseTrolleyOriginalOrderBookedUntilTime</testName>
          <skipped>false</skipped>
          <failedSince>0</failedSince>
        </case>
        <case>
          <duration>0.01</duration>
          <className>TestTrolleyAddUpdateRemove</className>
          <testName>testItemModificationResponseTrolleyOriginalOrderSubmittedDate</testName>
          <skipped>false</skipped>
          <failedSince>0</failedSince>
        </case>
        <case>
          <duration>0.011</duration>
          <className>TestTrolleyAddUpdateRemove</className>
          <testName>testItemModificationResponseTrolleyPostCode</testName>
          <skipped>false</skipped>
          <failedSince>0</failedSince>
        </case>
        <case>
          <duration>0.01</duration>
          <className>TestTrolleyAddUpdateRemove</className>
          <testName>testItemModificationResponseTrolleySlotDates</testName>
          <skipped>false</skipped>
          <failedSince>0</failedSince>
        </case>
        <case>
          <duration>0.01</duration>
          <className>TestTrolleyAddUpdateRemove</className>
          <testName>testItemModificationResponseTrolleyTotalCost</testName>
          <skipped>false</skipped>
          <failedSince>0</failedSince>
        </case>
        <case>
          <duration>0.011</duration>
          <className>TestTrolleyAddUpdateRemove</className>
          <testName>testItemModificationResponseTrolleyTrolleyID</testName>
          <skipped>false</skipped>
          <failedSince>0</failedSince>
        </case>
      </cases>
    </suite>
    <suite>
      <file>/Users/Shared/Jenkins/Home/jobs/dwsjoquist testing/workspace/test-reports/TEST-TestTrolleyCreateAndLoadResponses.xml</file>
      <name>TestTrolleyCreateAndLoadResponses</name>
      <duration>0.039999988</duration>
      <timestamp>2016-02-04 09:12:33 -0800</timestamp>
      <cases>
        <case>
          <duration>0.001</duration>
          <className>TestTrolleyCreateAndLoadResponses</className>
          <testName>testCreateTrolleyResponseHasTrolleyId</testName>
          <skipped>false</skipped>
          <failedSince>0</failedSince>
        </case>
        <case>
          <duration>0.001</duration>
          <className>TestTrolleyCreateAndLoadResponses</className>
          <testName>testCreateTrolleyResponseIsValidObject</testName>
          <skipped>false</skipped>
          <failedSince>0</failedSince>
        </case>
        <case>
          <duration>0.001</duration>
          <className>TestTrolleyCreateAndLoadResponses</className>
          <testName>testEmptyTrolleyHasDeliveryPrice</testName>
          <skipped>false</skipped>
          <failedSince>0</failedSince>
        </case>
        <case>
          <duration>0.001</duration>
          <className>TestTrolleyCreateAndLoadResponses</className>
          <testName>testEmptyTrolleyResponseIsValidObject</testName>
          <skipped>false</skipped>
          <failedSince>0</failedSince>
        </case>
        <case>
          <duration>0.001</duration>
          <className>TestTrolleyCreateAndLoadResponses</className>
          <testName>testEmptyTrolleyWithBookedSlotResponseIsValidObject</testName>
          <skipped>false</skipped>
          <failedSince>0</failedSince>
        </case>
        <case>
          <duration>0.001</duration>
          <className>TestTrolleyCreateAndLoadResponses</className>
          <testName>testTrolleyAmendedOrderIdExists</testName>
          <skipped>false</skipped>
          <failedSince>0</failedSince>
        </case>
        <case>
          <duration>0.001</duration>
          <className>TestTrolleyCreateAndLoadResponses</className>
          <testName>testTrolleyAmendedOrderIdIsString</testName>
          <skipped>false</skipped>
          <failedSince>0</failedSince>
        </case>
        <case>
          <duration>0.001</duration>
          <className>TestTrolleyCreateAndLoadResponses</className>
          <testName>testTrolleyAmendingHasExpectedValue</testName>
          <skipped>false</skipped>
          <failedSince>0</failedSince>
        </case>
        <case>
          <duration>0.001</duration>
          <className>TestTrolleyCreateAndLoadResponses</className>
          <testName>testTrolleyCarrierBagEligibleHasExpectedValue</testName>
          <skipped>false</skipped>
          <failedSince>0</failedSince>
        </case>
        <case>
          <duration>0.001</duration>
          <className>TestTrolleyCreateAndLoadResponses</className>
          <testName>testTrolleyCarrierBagSelectedIsNO</testName>
          <skipped>false</skipped>
          <failedSince>0</failedSince>
        </case>
        <case>
          <duration>0.001</duration>
          <className>TestTrolleyCreateAndLoadResponses</className>
          <testName>testTrolleyDeliveryPassAppliedIsNo</testName>
          <skipped>false</skipped>
          <failedSince>0</failedSince>
        </case>
        <case>
          <duration>0.001</duration>
          <className>TestTrolleyCreateAndLoadResponses</className>
          <testName>testTrolleyHasBookedUntilTime</testName>
          <skipped>false</skipped>
          <failedSince>0</failedSince>
        </case>
        <case>
          <duration>0.001</duration>
          <className>TestTrolleyCreateAndLoadResponses</className>
          <testName>testTrolleyHasDeliveryAddress</testName>
          <skipped>false</skipped>
          <failedSince>0</failedSince>
        </case>
        <case>
          <duration>0.001</duration>
          <className>TestTrolleyCreateAndLoadResponses</className>
          <testName>testTrolleyHasDeliveryEndTime</testName>
          <skipped>false</skipped>
          <failedSince>0</failedSince>
        </case>
        <case>
          <duration>0.003</duration>
          <className>TestTrolleyCreateAndLoadResponses</className>
          <testName>testTrolleyHasDeliveryStartTime</testName>
          <skipped>false</skipped>
          <failedSince>0</failedSince>
        </case>
        <case>
          <duration>0.001</duration>
          <className>TestTrolleyCreateAndLoadResponses</className>
          <testName>testTrolleyHasExpectedBookedUntilTime</testName>
          <skipped>false</skipped>
          <failedSince>0</failedSince>
        </case>
        <case>
          <duration>0.001</duration>
          <className>TestTrolleyCreateAndLoadResponses</className>
          <testName>testTrolleyHasExpectedDeliveryAddress</testName>
          <skipped>false</skipped>
          <failedSince>0</failedSince>
        </case>
        <case>
          <duration>0.001</duration>
          <className>TestTrolleyCreateAndLoadResponses</className>
          <testName>testTrolleyHasExpectedDeliveryOption</testName>
          <skipped>false</skipped>
          <failedSince>0</failedSince>
        </case>
        <case>
          <duration>0.001</duration>
          <className>TestTrolleyCreateAndLoadResponses</className>
          <testName>testTrolleyHasExpectedDeliveryPrice</testName>
          <skipped>false</skipped>
          <failedSince>0</failedSince>
        </case>
        <case>
          <duration>0.001</duration>
          <className>TestTrolleyCreateAndLoadResponses</className>
          <testName>testTrolleyHasExpectedDeliverySlotEnd</testName>
          <skipped>false</skipped>
          <failedSince>0</failedSince>
        </case>
        <case>
          <duration>0.001</duration>
          <className>TestTrolleyCreateAndLoadResponses</className>
          <testName>testTrolleyHasExpectedDeliverySlotStart</testName>
          <skipped>false</skipped>
          <failedSince>0</failedSince>
        </case>
        <case>
          <duration>0.001</duration>
          <className>TestTrolleyCreateAndLoadResponses</className>
          <testName>testTrolleyHasExpectedID</testName>
          <skipped>false</skipped>
          <failedSince>0</failedSince>
        </case>
        <case>
          <duration>0.001</duration>
          <className>TestTrolleyCreateAndLoadResponses</className>
          <testName>testTrolleyHasExpectedItemsCost</testName>
          <skipped>false</skipped>
          <failedSince>0</failedSince>
        </case>
        <case>
          <duration>0.001</duration>
          <className>TestTrolleyCreateAndLoadResponses</className>
          <testName>testTrolleyHasExpectedMinOrderValue</testName>
          <skipped>false</skipped>
          <failedSince>0</failedSince>
        </case>
        <case>
          <duration>0.001</duration>
          <className>TestTrolleyCreateAndLoadResponses</className>
          <testName>testTrolleyHasExpectedOrignalOrderBookedUntilTime</testName>
          <skipped>false</skipped>
          <failedSince>0</failedSince>
        </case>
        <case>
          <duration>0.001</duration>
          <className>TestTrolleyCreateAndLoadResponses</className>
          <testName>testTrolleyHasExpectedOrignalOrderSubmittedDate</testName>
          <skipped>false</skipped>
          <failedSince>0</failedSince>
        </case>
        <case>
          <duration>0.001</duration>
          <className>TestTrolleyCreateAndLoadResponses</className>
          <testName>testTrolleyHasExpectedPostCode</testName>
          <skipped>false</skipped>
          <failedSince>0</failedSince>
        </case>
        <case>
          <duration>0.001</duration>
          <className>TestTrolleyCreateAndLoadResponses</className>
          <testName>testTrolleyHasExpectedTotalCost</testName>
          <skipped>false</skipped>
          <failedSince>0</failedSince>
        </case>
        <case>
          <duration>0.001</duration>
          <className>TestTrolleyCreateAndLoadResponses</className>
          <testName>testTrolleyHasID</testName>
          <skipped>false</skipped>
          <failedSince>0</failedSince>
        </case>
        <case>
          <duration>0.001</duration>
          <className>TestTrolleyCreateAndLoadResponses</className>
          <testName>testTrolleyHasItemsArray</testName>
          <skipped>false</skipped>
          <failedSince>0</failedSince>
        </case>
        <case>
          <duration>0.001</duration>
          <className>TestTrolleyCreateAndLoadResponses</className>
          <testName>testTrolleyHasItemsCost</testName>
          <skipped>false</skipped>
          <failedSince>0</failedSince>
        </case>
        <case>
          <duration>0.001</duration>
          <className>TestTrolleyCreateAndLoadResponses</className>
          <testName>testTrolleyHasMinOrderValue</testName>
          <skipped>false</skipped>
          <failedSince>0</failedSince>
        </case>
        <case>
          <duration>0.001</duration>
          <className>TestTrolleyCreateAndLoadResponses</className>
          <testName>testTrolleyHasNoItems</testName>
          <skipped>false</skipped>
          <failedSince>0</failedSince>
        </case>
        <case>
          <duration>0.001</duration>
          <className>TestTrolleyCreateAndLoadResponses</className>
          <testName>testTrolleyHasOriginalOrderBookedUntilTime</testName>
          <skipped>false</skipped>
          <failedSince>0</failedSince>
        </case>
        <case>
          <duration>0.001</duration>
          <className>TestTrolleyCreateAndLoadResponses</className>
          <testName>testTrolleyHasOriginalOrderSubmittedDate</testName>
          <skipped>false</skipped>
          <failedSince>0</failedSince>
        </case>
        <case>
          <duration>0.001</duration>
          <className>TestTrolleyCreateAndLoadResponses</className>
          <testName>testTrolleyHasPostCode</testName>
          <skipped>false</skipped>
          <failedSince>0</failedSince>
        </case>
        <case>
          <duration>0.001</duration>
          <className>TestTrolleyCreateAndLoadResponses</className>
          <testName>testTrolleyHasTotalCost</testName>
          <skipped>false</skipped>
          <failedSince>0</failedSince>
        </case>
        <case>
          <duration>0.001</duration>
          <className>TestTrolleyCreateAndLoadResponses</className>
          <testName>testTrolleyHasZeroItemsInTrolley</testName>
          <skipped>false</skipped>
          <failedSince>0</failedSince>
        </case>
      </cases>
    </suite>
    <suite>
      <file>/Users/Shared/Jenkins/Home/jobs/dwsjoquist testing/workspace/test-reports/TEST-TestUserServiceAddResponse.xml</file>
      <name>TestUserServiceAddResponse</name>
      <duration>0.003</duration>
      <timestamp>2016-02-04 09:12:33 -0800</timestamp>
      <cases>
        <case>
          <duration>0.003</duration>
          <className>TestUserServiceAddResponse</className>
          <testName>testDataObjectIsNotNilAndProperType</testName>
          <skipped>false</skipped>
          <failedSince>0</failedSince>
        </case>
      </cases>
    </suite>
    <suite>
      <file>/Users/Shared/Jenkins/Home/jobs/dwsjoquist testing/workspace/test-reports/TEST-TestUserServiceLoginResponse.xml</file>
      <name>TestUserServiceLoginResponse</name>
      <duration>0.002</duration>
      <timestamp>2016-02-04 09:12:33 -0800</timestamp>
      <cases>
        <case>
          <duration>0.002</duration>
          <className>TestUserServiceLoginResponse</className>
          <testName>testDataObjectIsNotNilAndProperType</testName>
          <skipped>false</skipped>
          <failedSince>0</failedSince>
        </case>
      </cases>
    </suite>
    <suite>
      <file>/Users/Shared/Jenkins/Home/jobs/dwsjoquist testing/workspace/test-reports/TEST-TestUserServiceLogoutResponse.xml</file>
      <name>TestUserServiceLogoutResponse</name>
      <duration>0.002</duration>
      <timestamp>2016-02-04 09:12:33 -0800</timestamp>
      <cases>
        <case>
          <duration>0.002</duration>
          <className>TestUserServiceLogoutResponse</className>
          <testName>testDataObjectIsNotNilAndProperType</testName>
          <skipped>false</skipped>
          <failedSince>0</failedSince>
        </case>
      </cases>
    </suite>
    <suite>
      <file>/Users/Shared/Jenkins/Home/jobs/dwsjoquist testing/workspace/test-reports/TEST-TestUserServiceViewResponse.xml</file>
      <name>TestUserServiceViewResponse</name>
      <duration>0.002</duration>
      <timestamp>2016-02-04 09:12:33 -0800</timestamp>
      <cases>
        <case>
          <duration>0.002</duration>
          <className>TestUserServiceViewResponse</className>
          <testName>testDataObjectIsNotNilAndProperType</testName>
          <skipped>false</skipped>
          <failedSince>0</failedSince>
        </case>
      </cases>
    </suite>
    <suite>
      <file>/Users/Shared/Jenkins/Home/jobs/dwsjoquist testing/workspace/test-reports/TEST-TestVoucherAddResponse.xml</file>
      <name>TestVoucherAddResponse</name>
      <duration>0.002</duration>
      <timestamp>2016-02-04 09:12:33 -0800</timestamp>
      <cases>
        <case>
          <duration>0.002</duration>
          <className>TestVoucherAddResponse</className>
          <testName>testDataObjectIsNotNilAndProperType</testName>
          <skipped>false</skipped>
          <failedSince>0</failedSince>
        </case>
      </cases>
    </suite>
    <suite>
      <file>/Users/Shared/Jenkins/Home/jobs/dwsjoquist testing/workspace/test-reports/TEST-TestVoucherLoadResponse.xml</file>
      <name>TestVoucherLoadResponse</name>
      <duration>0.001</duration>
      <timestamp>2016-02-04 09:12:33 -0800</timestamp>
      <cases>
        <case>
          <duration>0.001</duration>
          <className>TestVoucherLoadResponse</className>
          <testName>testDataObjectIsNotNilAndProperType</testName>
          <skipped>false</skipped>
          <failedSince>0</failedSince>
        </case>
      </cases>
    </suite>
    <suite>
      <file>/Users/Shared/Jenkins/Home/jobs/dwsjoquist testing/workspace/test-reports/TEST-TreeDataSourceTests.xml</file>
      <name>TreeDataSourceTests</name>
      <duration>0.252</duration>
      <timestamp>2016-02-04 09:12:33 -0800</timestamp>
      <cases>
        <case>
          <duration>0.0</duration>
          <className>TreeDataSourceTests</className>
          <testName>testExample</testName>
          <skipped>false</skipped>
          <failedSince>0</failedSince>
        </case>
        <case>
          <duration>0.252</duration>
          <className>TreeDataSourceTests</className>
          <testName>testPerformanceExample</testName>
          <skipped>false</skipped>
          <failedSince>0</failedSince>
        </case>
      </cases>
    </suite>
    <suite>
      <file>/Users/Shared/Jenkins/Home/jobs/dwsjoquist testing/workspace/test-reports/TEST-TrolleyTests.xml</file>
      <name>TrolleyTests</name>
      <duration>0.033</duration>
      <timestamp>2016-02-04 09:12:33 -0800</timestamp>
      <cases>
        <case>
          <duration>0.011</duration>
          <className>TrolleyTests</className>
          <testName>testTrolleyAmendedOrderIdContainsOnlyNumbers</testName>
          <skipped>false</skipped>
          <failedSince>0</failedSince>
        </case>
        <case>
          <duration>0.011</duration>
          <className>TrolleyTests</className>
          <testName>testTrolleyAmendedOrderIdExists</testName>
          <skipped>false</skipped>
          <failedSince>0</failedSince>
        </case>
        <case>
          <duration>0.011</duration>
          <className>TrolleyTests</className>
          <testName>testTrolleyAmendedOrderIdIsString</testName>
          <skipped>false</skipped>
          <failedSince>0</failedSince>
        </case>
      </cases>
    </suite>
    <suite>
      <file>/Users/Shared/Jenkins/Home/jobs/dwsjoquist testing/workspace/test-reports/TEST-TypedMethodInvocationTests.xml</file>
      <name>TypedMethodInvocationTests</name>
      <duration>0.001</duration>
      <timestamp>2016-02-04 09:12:33 -0800</timestamp>
      <cases>
        <case>
          <duration>0.001</duration>
          <className>TypedMethodInvocationTests</className>
          <testName>testInvocationKVO</testName>
          <skipped>false</skipped>
          <failedSince>0</failedSince>
        </case>
        <case>
          <duration>0.0</duration>
          <className>TypedMethodInvocationTests</className>
          <testName>testInvocationProperties</testName>
          <skipped>false</skipped>
          <failedSince>0</failedSince>
        </case>
      </cases>
    </suite>
    <suite>
      <file>/Users/Shared/Jenkins/Home/jobs/dwsjoquist testing/workspace/test-reports/TEST-ViewSlotWithBookedSlot.xml</file>
      <name>ViewSlotWithBookedSlot</name>
      <duration>0.009</duration>
      <timestamp>2016-02-04 09:12:33 -0800</timestamp>
      <cases>
        <case>
          <duration>0.003</duration>
          <className>ViewSlotWithBookedSlot</className>
          <testName>testHasExpiredBookedSlot</testName>
          <skipped>false</skipped>
          <failedSince>0</failedSince>
        </case>
        <case>
          <duration>0.003</duration>
          <className>ViewSlotWithBookedSlot</className>
          <testName>testHasNextDayBookedSlot</testName>
          <skipped>false</skipped>
          <failedSince>0</failedSince>
        </case>
        <case>
          <duration>0.003</duration>
          <className>ViewSlotWithBookedSlot</className>
          <testName>testHasSameDayBookedSlot</testName>
          <skipped>false</skipped>
          <failedSince>0</failedSince>
        </case>
      </cases>
    </suite>
    <suite>
      <file>/Users/Shared/Jenkins/Home/jobs/dwsjoquist testing/workspace/test-reports/TEST-browseTaxonomyNotSignedIn_iPhone.xml</file>
      <name>browseTaxonomyNotSignedIn_iPhone</name>
      <duration>24.376</duration>
      <timestamp>2016-02-04 09:14:38 -0800</timestamp>
      <cases>
        <case>
          <duration>24.376</duration>
          <className>browseTaxonomyNotSignedIn_iPhone</className>
          <testName>testTopLevelCategories</testName>
          <skipped>false</skipped>
          <failedSince>0</failedSince>
        </case>
      </cases>
    </suite>
    <suite>
      <file>/Users/Shared/Jenkins/Home/jobs/dwsjoquist testing/workspace/test-reports/TEST-homeScreenNotSignedIn_iPhone.xml</file>
      <name>homeScreenNotSignedIn_iPhone</name>
      <duration>16.943</duration>
      <timestamp>2016-02-04 09:16:18 -0800</timestamp>
      <cases>
        <case>
          <duration>16.943</duration>
          <className>homeScreenNotSignedIn_iPhone</className>
          <testName>testTapShop</testName>
          <skipped>false</skipped>
          <failedSince>0</failedSince>
        </case>
      </cases>
    </suite>
    <suite>
      <file>/Users/Shared/Jenkins/Home/jobs/dwsjoquist testing/workspace/test-reports/TEST-homeScreenSignedIn_iPhone.xml</file>
      <name>homeScreenSignedIn_iPhone</name>
      <duration>40.43</duration>
      <timestamp>2016-02-04 09:18:22 -0800</timestamp>
      <cases>
        <case>
          <duration>40.43</duration>
          <className>homeScreenSignedIn_iPhone</className>
          <testName>testTapBookSlot</testName>
          <skipped>false</skipped>
          <failedSince>0</failedSince>
        </case>
      </cases>
    </suite>
  </suites>
  <duration>107.23101</duration>
  <keepLongStdio>false</keepLongStdio>
</result>